2023-10-04 10:57:50,915 INFO o.a.j.l.DirectJDKLog.log [http-nio-8082-exec-2] Initializing Spring DispatcherServlet 'dispatcherServlet'
2023-10-04 10:57:50,916 INFO o.s.w.s.FrameworkServlet.initServletBean [http-nio-8082-exec-2] Initializing Servlet 'dispatcherServlet'
2023-10-04 10:57:50,919 INFO o.s.w.s.FrameworkServlet.initServletBean [http-nio-8082-exec-2] Completed initialization in 2 ms
2023-10-04 10:57:51,111 INFO c.n.e.c.TransformerController.prepareEsimProfile [http-nio-8082-exec-2] Request received for prepareEsimProfile
2023-10-04 10:57:51,113 INFO c.n.e.s.TransformerServiceImpl.prepareEsimProfile [http-nio-8082-exec-2] Validating PrepareEsimProfile Request
2023-10-04 10:57:51,113 INFO c.n.e.s.CommonServiceImpl.validatePrepareEsimProfileRequest [http-nio-8082-exec-2] Validation Success - PrepareEsimProfileRequest
2023-10-04 10:57:51,114 INFO c.n.e.s.TransformerServiceImpl.prepareEsimProfile [http-nio-8082-exec-2] Req is PrepareEsimProfileRequestDto(requestId=1137469, sourceSystem=SDP, iccId=89019990001234567885, smdpName=oberthur, msisdn=3245678999, eid=89001012012341234012345678903234, reservationType=EID, releaseFlag=true, orderId=900012)
2023-10-04 10:57:51,114 INFO c.n.e.s.TransformerServiceImpl.prepareEsimProfile [http-nio-8082-exec-2] Sending Download Order request
2023-10-04 10:57:51,316 INFO c.n.e.s.TransformerServiceImpl.prepareEsimProfile [http-nio-8082-exec-2] Download Order Request Failed with URL http://localhost:8082/gsma/rsp2/es2plus/downloadOrder , status 404 NOT_FOUND , headers [Vary:"Origin", "Access-Control-Request-Method", "Access-Control-Request-Headers", Content-Type:"application/json", Transfer-Encoding:"chunked", Date:"Wed, 04 Oct 2023 05:27:51 GMT", Keep-Alive:"timeout=60", Connection:"keep-alive"] , response {"timestamp":1696397271241,"status":404,"error":"Not Found","message":"No message available","path":"/gsma/rsp2/es2plus/downloadOrder"}
2023-10-04 10:57:51,323 ERROR c.n.e.s.TransformerServiceImpl.prepareEsimProfile [http-nio-8082-exec-2] org.springframework.web.client.HttpClientErrorException$NotFound: 404 : [{"timestamp":1696397271241,"status":404,"error":"Not Found","message":"No message available","path":"/gsma/rsp2/es2plus/downloadOrder"}]
	at org.springframework.web.client.HttpClientErrorException.create(HttpClientErrorException.java:113)
	at org.springframework.web.client.DefaultResponseErrorHandler.handleError(DefaultResponseErrorHandler.java:186)
	at org.springframework.web.client.DefaultResponseErrorHandler.handleError(DefaultResponseErrorHandler.java:125)
	at org.springframework.web.client.ResponseErrorHandler.handleError(ResponseErrorHandler.java:63)
	at org.springframework.web.client.RestTemplate.handleResponse(RestTemplate.java:818)
	at org.springframework.web.client.RestTemplate.doExecute(RestTemplate.java:776)
	at org.springframework.web.client.RestTemplate.execute(RestTemplate.java:710)
	at org.springframework.web.client.RestTemplate.postForEntity(RestTemplate.java:467)
	at com.nokia.esim.service.CommonServiceImpl.sendPostRequest(CommonServiceImpl.java:60)
	at com.nokia.esim.service.TransformerServiceImpl.sendDownloadOrderRequest(TransformerServiceImpl.java:504)
	at com.nokia.esim.service.TransformerServiceImpl.prepareEsimProfile(TransformerServiceImpl.java:159)
	at com.nokia.esim.service.TransformerServiceImpl.prepareEsimProfile(TransformerServiceImpl.java:138)
	at com.nokia.esim.controller.TransformerController.prepareEsimProfile(TransformerController.java:87)
	at java.base/jdk.internal.reflect.NativeMethodAccessorImpl.invoke0(Native Method)
	at java.base/jdk.internal.reflect.NativeMethodAccessorImpl.invoke(NativeMethodAccessorImpl.java:77)
	at java.base/jdk.internal.reflect.DelegatingMethodAccessorImpl.invoke(DelegatingMethodAccessorImpl.java:43)
	at java.base/java.lang.reflect.Method.invoke(Method.java:568)
	at org.springframework.web.method.support.InvocableHandlerMethod.doInvoke(InvocableHandlerMethod.java:197)
	at org.springframework.web.method.support.InvocableHandlerMethod.invokeForRequest(InvocableHandlerMethod.java:141)
	at org.springframework.web.servlet.mvc.method.annotation.ServletInvocableHandlerMethod.invokeAndHandle(ServletInvocableHandlerMethod.java:106)
	at org.springframework.web.servlet.mvc.method.annotation.RequestMappingHandlerAdapter.invokeHandlerMethod(RequestMappingHandlerAdapter.java:893)
	at org.springframework.web.servlet.mvc.method.annotation.RequestMappingHandlerAdapter.handleInternal(RequestMappingHandlerAdapter.java:807)
	at org.springframework.web.servlet.mvc.method.AbstractHandlerMethodAdapter.handle(AbstractHandlerMethodAdapter.java:87)
	at org.springframework.web.servlet.DispatcherServlet.doDispatch(DispatcherServlet.java:1061)
	at org.springframework.web.servlet.DispatcherServlet.doService(DispatcherServlet.java:961)
	at org.springframework.web.servlet.FrameworkServlet.processRequest(FrameworkServlet.java:1006)
	at org.springframework.web.servlet.FrameworkServlet.doPost(FrameworkServlet.java:909)
	at javax.servlet.http.HttpServlet.service(HttpServlet.java:652)
	at org.springframework.web.servlet.FrameworkServlet.service(FrameworkServlet.java:883)
	at javax.servlet.http.HttpServlet.service(HttpServlet.java:733)
	at org.apache.catalina.core.ApplicationFilterChain.internalDoFilter(ApplicationFilterChain.java:231)
	at org.apache.catalina.core.ApplicationFilterChain.doFilter(ApplicationFilterChain.java:166)
	at org.apache.tomcat.websocket.server.WsFilter.doFilter(WsFilter.java:53)
	at org.apache.catalina.core.ApplicationFilterChain.internalDoFilter(ApplicationFilterChain.java:193)
	at org.apache.catalina.core.ApplicationFilterChain.doFilter(ApplicationFilterChain.java:166)
	at org.springframework.web.filter.RequestContextFilter.doFilterInternal(RequestContextFilter.java:100)
	at org.springframework.web.filter.OncePerRequestFilter.doFilter(OncePerRequestFilter.java:119)
	at org.apache.catalina.core.ApplicationFilterChain.internalDoFilter(ApplicationFilterChain.java:193)
	at org.apache.catalina.core.ApplicationFilterChain.doFilter(ApplicationFilterChain.java:166)
	at org.springframework.web.filter.FormContentFilter.doFilterInternal(FormContentFilter.java:93)
	at org.springframework.web.filter.OncePerRequestFilter.doFilter(OncePerRequestFilter.java:119)
	at org.apache.catalina.core.ApplicationFilterChain.internalDoFilter(ApplicationFilterChain.java:193)
	at org.apache.catalina.core.ApplicationFilterChain.doFilter(ApplicationFilterChain.java:166)
	at org.springframework.web.filter.CharacterEncodingFilter.doFilterInternal(CharacterEncodingFilter.java:201)
	at org.springframework.web.filter.OncePerRequestFilter.doFilter(OncePerRequestFilter.java:119)
	at org.apache.catalina.core.ApplicationFilterChain.internalDoFilter(ApplicationFilterChain.java:193)
	at org.apache.catalina.core.ApplicationFilterChain.doFilter(ApplicationFilterChain.java:166)
	at org.apache.catalina.core.StandardWrapperValve.invoke(StandardWrapperValve.java:202)
	at org.apache.catalina.core.StandardContextValve.invoke(StandardContextValve.java:97)
	at org.apache.catalina.authenticator.AuthenticatorBase.invoke(AuthenticatorBase.java:542)
	at org.apache.catalina.core.StandardHostValve.invoke(StandardHostValve.java:143)
	at org.apache.catalina.valves.ErrorReportValve.invoke(ErrorReportValve.java:92)
	at org.apache.catalina.core.StandardEngineValve.invoke(StandardEngineValve.java:78)
	at org.apache.catalina.connector.CoyoteAdapter.service(CoyoteAdapter.java:343)
	at org.apache.coyote.http11.Http11Processor.service(Http11Processor.java:374)
	at org.apache.coyote.AbstractProcessorLight.process(AbstractProcessorLight.java:65)
	at org.apache.coyote.AbstractProtocol$ConnectionHandler.process(AbstractProtocol.java:868)
	at org.apache.tomcat.util.net.NioEndpoint$SocketProcessor.doRun(NioEndpoint.java:1590)
	at org.apache.tomcat.util.net.SocketProcessorBase.run(SocketProcessorBase.java:49)
	at java.base/java.util.concurrent.ThreadPoolExecutor.runWorker(ThreadPoolExecutor.java:1136)
	at java.base/java.util.concurrent.ThreadPoolExecutor$Worker.run(ThreadPoolExecutor.java:635)
	at org.apache.tomcat.util.threads.TaskThread$WrappingRunnable.run(TaskThread.java:61)
	at java.base/java.lang.Thread.run(Thread.java:833)

2023-10-04 10:57:51,325 ERROR c.n.e.c.TransformerController.prepareEsimProfile [http-nio-8082-exec-2] com.nokia.esim.exception.TransformerException: 404 : [{"timestamp":1696397271241,"status":404,"error":"Not Found","message":"No message available","path":"/gsma/rsp2/es2plus/downloadOrder"}]
	at com.nokia.esim.service.TransformerServiceImpl.prepareEsimProfile(TransformerServiceImpl.java:211)
	at com.nokia.esim.service.TransformerServiceImpl.prepareEsimProfile(TransformerServiceImpl.java:138)
	at com.nokia.esim.controller.TransformerController.prepareEsimProfile(TransformerController.java:87)
	at java.base/jdk.internal.reflect.NativeMethodAccessorImpl.invoke0(Native Method)
	at java.base/jdk.internal.reflect.NativeMethodAccessorImpl.invoke(NativeMethodAccessorImpl.java:77)
	at java.base/jdk.internal.reflect.DelegatingMethodAccessorImpl.invoke(DelegatingMethodAccessorImpl.java:43)
	at java.base/java.lang.reflect.Method.invoke(Method.java:568)
	at org.springframework.web.method.support.InvocableHandlerMethod.doInvoke(InvocableHandlerMethod.java:197)
	at org.springframework.web.method.support.InvocableHandlerMethod.invokeForRequest(InvocableHandlerMethod.java:141)
	at org.springframework.web.servlet.mvc.method.annotation.ServletInvocableHandlerMethod.invokeAndHandle(ServletInvocableHandlerMethod.java:106)
	at org.springframework.web.servlet.mvc.method.annotation.RequestMappingHandlerAdapter.invokeHandlerMethod(RequestMappingHandlerAdapter.java:893)
	at org.springframework.web.servlet.mvc.method.annotation.RequestMappingHandlerAdapter.handleInternal(RequestMappingHandlerAdapter.java:807)
	at org.springframework.web.servlet.mvc.method.AbstractHandlerMethodAdapter.handle(AbstractHandlerMethodAdapter.java:87)
	at org.springframework.web.servlet.DispatcherServlet.doDispatch(DispatcherServlet.java:1061)
	at org.springframework.web.servlet.DispatcherServlet.doService(DispatcherServlet.java:961)
	at org.springframework.web.servlet.FrameworkServlet.processRequest(FrameworkServlet.java:1006)
	at org.springframework.web.servlet.FrameworkServlet.doPost(FrameworkServlet.java:909)
	at javax.servlet.http.HttpServlet.service(HttpServlet.java:652)
	at org.springframework.web.servlet.FrameworkServlet.service(FrameworkServlet.java:883)
	at javax.servlet.http.HttpServlet.service(HttpServlet.java:733)
	at org.apache.catalina.core.ApplicationFilterChain.internalDoFilter(ApplicationFilterChain.java:231)
	at org.apache.catalina.core.ApplicationFilterChain.doFilter(ApplicationFilterChain.java:166)
	at org.apache.tomcat.websocket.server.WsFilter.doFilter(WsFilter.java:53)
	at org.apache.catalina.core.ApplicationFilterChain.internalDoFilter(ApplicationFilterChain.java:193)
	at org.apache.catalina.core.ApplicationFilterChain.doFilter(ApplicationFilterChain.java:166)
	at org.springframework.web.filter.RequestContextFilter.doFilterInternal(RequestContextFilter.java:100)
	at org.springframework.web.filter.OncePerRequestFilter.doFilter(OncePerRequestFilter.java:119)
	at org.apache.catalina.core.ApplicationFilterChain.internalDoFilter(ApplicationFilterChain.java:193)
	at org.apache.catalina.core.ApplicationFilterChain.doFilter(ApplicationFilterChain.java:166)
	at org.springframework.web.filter.FormContentFilter.doFilterInternal(FormContentFilter.java:93)
	at org.springframework.web.filter.OncePerRequestFilter.doFilter(OncePerRequestFilter.java:119)
	at org.apache.catalina.core.ApplicationFilterChain.internalDoFilter(ApplicationFilterChain.java:193)
	at org.apache.catalina.core.ApplicationFilterChain.doFilter(ApplicationFilterChain.java:166)
	at org.springframework.web.filter.CharacterEncodingFilter.doFilterInternal(CharacterEncodingFilter.java:201)
	at org.springframework.web.filter.OncePerRequestFilter.doFilter(OncePerRequestFilter.java:119)
	at org.apache.catalina.core.ApplicationFilterChain.internalDoFilter(ApplicationFilterChain.java:193)
	at org.apache.catalina.core.ApplicationFilterChain.doFilter(ApplicationFilterChain.java:166)
	at org.apache.catalina.core.StandardWrapperValve.invoke(StandardWrapperValve.java:202)
	at org.apache.catalina.core.StandardContextValve.invoke(StandardContextValve.java:97)
	at org.apache.catalina.authenticator.AuthenticatorBase.invoke(AuthenticatorBase.java:542)
	at org.apache.catalina.core.StandardHostValve.invoke(StandardHostValve.java:143)
	at org.apache.catalina.valves.ErrorReportValve.invoke(ErrorReportValve.java:92)
	at org.apache.catalina.core.StandardEngineValve.invoke(StandardEngineValve.java:78)
	at org.apache.catalina.connector.CoyoteAdapter.service(CoyoteAdapter.java:343)
	at org.apache.coyote.http11.Http11Processor.service(Http11Processor.java:374)
	at org.apache.coyote.AbstractProcessorLight.process(AbstractProcessorLight.java:65)
	at org.apache.coyote.AbstractProtocol$ConnectionHandler.process(AbstractProtocol.java:868)
	at org.apache.tomcat.util.net.NioEndpoint$SocketProcessor.doRun(NioEndpoint.java:1590)
	at org.apache.tomcat.util.net.SocketProcessorBase.run(SocketProcessorBase.java:49)
	at java.base/java.util.concurrent.ThreadPoolExecutor.runWorker(ThreadPoolExecutor.java:1136)
	at java.base/java.util.concurrent.ThreadPoolExecutor$Worker.run(ThreadPoolExecutor.java:635)
	at org.apache.tomcat.util.threads.TaskThread$WrappingRunnable.run(TaskThread.java:61)
	at java.base/java.lang.Thread.run(Thread.java:833)

2023-10-04 11:50:42,188 WARN o.s.b.t.j.DuplicateJsonObjectContextCustomizerFactory$DuplicateJsonObjectContextCustomizer.logDuplicateJsonObjectsWarning [main] 

Found multiple occurrences of org.json.JSONObject on the class path:

	jar:file:/C:/Tools/MavenRepository/com/vaadin/external/google/android-json/0.0.20131108.vaadin1/android-json-0.0.20131108.vaadin1.jar!/org/json/JSONObject.class
	jar:file:/C:/Tools/MavenRepository/org/json/json/20230618/json-20230618.jar!/org/json/JSONObject.class

You may wish to exclude one of them to ensure predictable runtime behavior

2023-10-04 11:50:42,261 INFO o.s.b.StartupInfoLogger.logStarting [main] Starting EsimGatewayTransformerApplicationTests using Java 1.8.0_362-362 on N-5CG1417NTF with PID 34112 (started by shotyagi in C:\Users\shotyagi\Desktop\OPTUS\STS_WS\EsimGatewayTransformer)
2023-10-04 11:50:42,264 INFO o.s.b.SpringApplication.logStartupProfileInfo [main] No active profile set, falling back to default profiles: default
2023-10-04 11:50:44,227 INFO o.s.s.c.ExecutorConfigurationSupport.initialize [main] Initializing ExecutorService 'applicationTaskExecutor'
2023-10-04 11:50:45,161 INFO o.s.b.StartupInfoLogger.logStarted [main] Started EsimGatewayTransformerApplicationTests in 3.555 seconds (JVM running for 5.822)
2023-10-04 11:50:45,562 INFO o.s.t.c.s.AbstractTestContextBootstrapper.buildDefaultMergedContextConfiguration [main] Neither @ContextConfiguration nor @ContextHierarchy found for test class [com.nokia.esim.service.CommonServiceImplTest], using SpringBootContextLoader
2023-10-04 11:50:45,564 INFO o.s.t.c.s.AbstractContextLoader.generateDefaultLocations [main] Could not detect default resource locations for test class [com.nokia.esim.service.CommonServiceImplTest]: no resource found for suffixes {-context.xml, Context.groovy}.
2023-10-04 11:50:45,564 INFO o.s.t.c.s.AnnotationConfigContextLoaderUtils.detectDefaultConfigurationClasses [main] Could not detect default configuration classes for test class [com.nokia.esim.service.CommonServiceImplTest]: CommonServiceImplTest does not declare any static, non-private, non-final, nested classes annotated with @Configuration.
2023-10-04 11:50:45,597 INFO o.s.b.t.c.SpringBootTestContextBootstrapper.getOrFindConfigurationClasses [main] Found @SpringBootConfiguration com.nokia.esim.EsimGatewayTransformerApplication for test class com.nokia.esim.service.CommonServiceImplTest
2023-10-04 11:50:45,601 INFO o.s.t.c.s.AbstractTestContextBootstrapper.getDefaultTestExecutionListenerClassNames [main] Loaded default TestExecutionListener class names from location [META-INF/spring.factories]: [org.springframework.boot.test.mock.mockito.MockitoTestExecutionListener, org.springframework.boot.test.mock.mockito.ResetMocksTestExecutionListener, org.springframework.boot.test.autoconfigure.restdocs.RestDocsTestExecutionListener, org.springframework.boot.test.autoconfigure.web.client.MockRestServiceServerResetTestExecutionListener, org.springframework.boot.test.autoconfigure.web.servlet.MockMvcPrintOnlyOnFailureTestExecutionListener, org.springframework.boot.test.autoconfigure.web.servlet.WebDriverTestExecutionListener, org.springframework.boot.test.autoconfigure.webservices.client.MockWebServiceServerTestExecutionListener, org.springframework.test.context.web.ServletTestExecutionListener, org.springframework.test.context.support.DirtiesContextBeforeModesTestExecutionListener, org.springframework.test.context.support.DependencyInjectionTestExecutionListener, org.springframework.test.context.support.DirtiesContextTestExecutionListener, org.springframework.test.context.transaction.TransactionalTestExecutionListener, org.springframework.test.context.jdbc.SqlScriptsTestExecutionListener, org.springframework.test.context.event.EventPublishingTestExecutionListener]
2023-10-04 11:50:45,604 INFO o.s.t.c.s.AbstractTestContextBootstrapper.getTestExecutionListeners [main] Using TestExecutionListeners: [org.springframework.test.context.web.ServletTestExecutionListener@17143b3b, org.springframework.test.context.support.DirtiesContextBeforeModesTestExecutionListener@100c8b75, org.springframework.boot.test.mock.mockito.MockitoTestExecutionListener@2bc378f7, org.springframework.boot.test.autoconfigure.SpringBootDependencyInjectionTestExecutionListener@268cbb86, org.springframework.test.context.support.DirtiesContextTestExecutionListener@10f7918f, org.springframework.test.context.event.EventPublishingTestExecutionListener@64d4f7c7, org.springframework.boot.test.mock.mockito.ResetMocksTestExecutionListener@54e02f6a, org.springframework.boot.test.autoconfigure.restdocs.RestDocsTestExecutionListener@17f3eefb, org.springframework.boot.test.autoconfigure.web.client.MockRestServiceServerResetTestExecutionListener@3ba46e63, org.springframework.boot.test.autoconfigure.web.servlet.MockMvcPrintOnlyOnFailureTestExecutionListener@788ddc1f, org.springframework.boot.test.autoconfigure.web.servlet.WebDriverTestExecutionListener@2dc3271b, org.springframework.boot.test.autoconfigure.webservices.client.MockWebServiceServerTestExecutionListener@254f906e]
2023-10-04 11:50:46,357 ERROR c.n.e.s.CommonServiceImpl.sendPutRequest [main] sendPutRequest failed for URL:http://example.com
2023-10-04 11:50:46,361 ERROR c.n.e.s.CommonServiceImpl.sendPutRequest [main] org.springframework.web.client.HttpClientErrorException

2023-10-04 11:50:46,370 INFO c.n.e.s.CommonServiceImpl.validateChangeEsimProfileStatus [main] ChangeEsimProfileStatusRequestDto(requestId=456, sourceSystem=null, iccid=123, profileStatus=ACTIVE, smdpName=null)Validation Success - ChangeEsimProfileStatusRequest
2023-10-04 11:50:46,371 INFO c.n.e.s.CommonServiceImpl.validateChangeEsimProfileStatus [main] ChangeEsimProfileStatusRequestDto(requestId=456, sourceSystem=null, iccid=null, profileStatus=ACTIVE, smdpName=null)IccId is either null or empty
2023-10-04 11:50:46,371 INFO c.n.e.s.CommonServiceImpl.validateChangeEsimProfileStatus [main] ChangeEsimProfileStatusRequestDto(requestId=456, sourceSystem=null, iccid=, profileStatus=ACTIVE, smdpName=null)IccId is either null or empty
2023-10-04 11:50:46,372 INFO c.n.e.s.CommonServiceImpl.validateChangeEsimProfileStatus [main] ChangeEsimProfileStatusRequestDto(requestId=null, sourceSystem=null, iccid=123, profileStatus=ACTIVE, smdpName=null)RequestId is either null or empty
2023-10-04 11:50:46,373 INFO c.n.e.s.CommonServiceImpl.validateChangeEsimProfileStatus [main] ChangeEsimProfileStatusRequestDto(requestId=, sourceSystem=null, iccid=123, profileStatus=ACTIVE, smdpName=null)RequestId is either null or empty
2023-10-04 11:50:46,374 INFO c.n.e.s.CommonServiceImpl.validateChangeEsimProfileStatus [main] ChangeEsimProfileStatusRequestDto(requestId=456, sourceSystem=null, iccid=123, profileStatus=null, smdpName=null)ProfileStatus is either null or empty
2023-10-04 11:50:46,374 INFO c.n.e.s.CommonServiceImpl.validateChangeEsimProfileStatus [main] ChangeEsimProfileStatusRequestDto(requestId=456, sourceSystem=null, iccid=123, profileStatus=, smdpName=null)ProfileStatus is either null or empty
2023-10-04 11:50:46,396 INFO c.n.e.s.CommonServiceImpl.validateUnlinkAndReserveProfile [main] UnlinkAndReserveProfileRequestDto(requestId=456, sourceSystem=null, iccid=123, smdpName=null, msisdn=null, eid=789, orderId=null, releaseFlag=true)Validation Success - UnlinkAndReserveProfileRequest
2023-10-04 11:50:46,397 INFO c.n.e.s.CommonServiceImpl.validateUnlinkAndReserveProfile [main] UnlinkAndReserveProfileRequestDto(requestId=456, sourceSystem=null, iccid=null, smdpName=null, msisdn=null, eid=789, orderId=null, releaseFlag=true)IccId is either null or empty
2023-10-04 11:50:46,398 INFO c.n.e.s.CommonServiceImpl.validateUnlinkAndReserveProfile [main] UnlinkAndReserveProfileRequestDto(requestId=456, sourceSystem=null, iccid=, smdpName=null, msisdn=null, eid=789, orderId=null, releaseFlag=true)IccId is either null or empty
2023-10-04 11:50:46,399 INFO c.n.e.s.CommonServiceImpl.validateUnlinkAndReserveProfile [main] UnlinkAndReserveProfileRequestDto(requestId=null, sourceSystem=null, iccid=123, smdpName=null, msisdn=null, eid=789, orderId=null, releaseFlag=true)RequestId is either null or empty
2023-10-04 11:50:46,400 INFO c.n.e.s.CommonServiceImpl.validateUnlinkAndReserveProfile [main] UnlinkAndReserveProfileRequestDto(requestId=, sourceSystem=null, iccid=123, smdpName=null, msisdn=null, eid=789, orderId=null, releaseFlag=true)RequestId is either null or empty
2023-10-04 11:50:46,400 INFO c.n.e.s.CommonServiceImpl.validateUnlinkAndReserveProfile [main] UnlinkAndReserveProfileRequestDto(requestId=456, sourceSystem=null, iccid=123, smdpName=null, msisdn=null, eid=null, orderId=null, releaseFlag=true)eid is either null or empty
2023-10-04 11:50:46,401 INFO c.n.e.s.CommonServiceImpl.validateUnlinkAndReserveProfile [main] UnlinkAndReserveProfileRequestDto(requestId=456, sourceSystem=null, iccid=123, smdpName=null, msisdn=null, eid=, orderId=null, releaseFlag=true)eid is either null or empty
2023-10-04 11:50:46,416 INFO c.n.e.s.CommonServiceImpl.validateGetEsimProfileStatusRequest [main] GetEsimProfileStatusRequestDto(requestId=456, sourceSystem=null, iccid=123, smdpName=null)Validation Success - GetEsimProfileStatusRequest
2023-10-04 11:50:46,417 INFO c.n.e.s.CommonServiceImpl.validateGetEsimProfileStatusRequest [main] GetEsimProfileStatusRequestDto(requestId=456, sourceSystem=null, iccid=null, smdpName=null)IccId is either null or empty
2023-10-04 11:50:46,417 INFO c.n.e.s.CommonServiceImpl.validateGetEsimProfileStatusRequest [main] GetEsimProfileStatusRequestDto(requestId=456, sourceSystem=null, iccid=, smdpName=null)IccId is either null or empty
2023-10-04 11:50:46,418 INFO c.n.e.s.CommonServiceImpl.validateGetEsimProfileStatusRequest [main] GetEsimProfileStatusRequestDto(requestId=null, sourceSystem=null, iccid=123, smdpName=null)RequestId is either null or empty
2023-10-04 11:50:46,419 INFO c.n.e.s.CommonServiceImpl.validateGetEsimProfileStatusRequest [main] GetEsimProfileStatusRequestDto(requestId=, sourceSystem=null, iccid=123, smdpName=null)RequestId is either null or empty
2023-10-04 11:50:46,428 INFO c.n.e.s.CommonServiceImpl.validatePrepareEsimProfileRequest [main] PrepareEsimProfileRequestDto(requestId=456, sourceSystem=null, iccId=123, smdpName=null, msisdn=null, eid=null, reservationType=null, releaseFlag=true, orderId=null)Validation Success - PrepareEsimProfileRequest
2023-10-04 11:50:46,429 INFO c.n.e.s.CommonServiceImpl.validatePrepareEsimProfileRequest [main] PrepareEsimProfileRequestDto(requestId=456, sourceSystem=null, iccId=null, smdpName=null, msisdn=null, eid=null, reservationType=null, releaseFlag=true, orderId=null)IccId is either null or empty
2023-10-04 11:50:46,430 INFO c.n.e.s.CommonServiceImpl.validatePrepareEsimProfileRequest [main] PrepareEsimProfileRequestDto(requestId=456, sourceSystem=null, iccId=, smdpName=null, msisdn=null, eid=null, reservationType=null, releaseFlag=true, orderId=null)IccId is either null or empty
2023-10-04 11:50:46,431 INFO c.n.e.s.CommonServiceImpl.validatePrepareEsimProfileRequest [main] PrepareEsimProfileRequestDto(requestId=null, sourceSystem=null, iccId=123, smdpName=null, msisdn=null, eid=null, reservationType=null, releaseFlag=true, orderId=null)RequestId is either null or empty
2023-10-04 11:50:46,432 INFO c.n.e.s.CommonServiceImpl.validatePrepareEsimProfileRequest [main] PrepareEsimProfileRequestDto(requestId=, sourceSystem=null, iccId=123, smdpName=null, msisdn=null, eid=null, reservationType=null, releaseFlag=true, orderId=null)RequestId is either null or empty
2023-10-04 11:50:46,456 INFO o.s.t.c.s.AbstractTestContextBootstrapper.buildDefaultMergedContextConfiguration [main] Neither @ContextConfiguration nor @ContextHierarchy found for test class [com.nokia.esim.service.TransformerServiceImplTest], using SpringBootContextLoader
2023-10-04 11:50:46,459 INFO o.s.t.c.s.AbstractContextLoader.generateDefaultLocations [main] Could not detect default resource locations for test class [com.nokia.esim.service.TransformerServiceImplTest]: no resource found for suffixes {-context.xml, Context.groovy}.
2023-10-04 11:50:46,460 INFO o.s.t.c.s.AnnotationConfigContextLoaderUtils.detectDefaultConfigurationClasses [main] Could not detect default configuration classes for test class [com.nokia.esim.service.TransformerServiceImplTest]: TransformerServiceImplTest does not declare any static, non-private, non-final, nested classes annotated with @Configuration.
2023-10-04 11:50:46,469 INFO o.s.b.t.c.SpringBootTestContextBootstrapper.getOrFindConfigurationClasses [main] Found @SpringBootConfiguration com.nokia.esim.EsimGatewayTransformerApplication for test class com.nokia.esim.service.TransformerServiceImplTest
2023-10-04 11:50:46,472 INFO o.s.t.c.s.AbstractTestContextBootstrapper.getDefaultTestExecutionListenerClassNames [main] Loaded default TestExecutionListener class names from location [META-INF/spring.factories]: [org.springframework.boot.test.mock.mockito.MockitoTestExecutionListener, org.springframework.boot.test.mock.mockito.ResetMocksTestExecutionListener, org.springframework.boot.test.autoconfigure.restdocs.RestDocsTestExecutionListener, org.springframework.boot.test.autoconfigure.web.client.MockRestServiceServerResetTestExecutionListener, org.springframework.boot.test.autoconfigure.web.servlet.MockMvcPrintOnlyOnFailureTestExecutionListener, org.springframework.boot.test.autoconfigure.web.servlet.WebDriverTestExecutionListener, org.springframework.boot.test.autoconfigure.webservices.client.MockWebServiceServerTestExecutionListener, org.springframework.test.context.web.ServletTestExecutionListener, org.springframework.test.context.support.DirtiesContextBeforeModesTestExecutionListener, org.springframework.test.context.support.DependencyInjectionTestExecutionListener, org.springframework.test.context.support.DirtiesContextTestExecutionListener, org.springframework.test.context.transaction.TransactionalTestExecutionListener, org.springframework.test.context.jdbc.SqlScriptsTestExecutionListener, org.springframework.test.context.event.EventPublishingTestExecutionListener]
2023-10-04 11:50:46,475 INFO o.s.t.c.s.AbstractTestContextBootstrapper.getTestExecutionListeners [main] Using TestExecutionListeners: [org.springframework.test.context.web.ServletTestExecutionListener@2b916808, org.springframework.test.context.support.DirtiesContextBeforeModesTestExecutionListener@62f11ebb, org.springframework.boot.test.mock.mockito.MockitoTestExecutionListener@a6c54c3, org.springframework.boot.test.autoconfigure.SpringBootDependencyInjectionTestExecutionListener@580fd26b, org.springframework.test.context.support.DirtiesContextTestExecutionListener@78fe204a, org.springframework.test.context.event.EventPublishingTestExecutionListener@1290ed28, org.springframework.boot.test.mock.mockito.ResetMocksTestExecutionListener@7a3269f5, org.springframework.boot.test.autoconfigure.restdocs.RestDocsTestExecutionListener@5c887052, org.springframework.boot.test.autoconfigure.web.client.MockRestServiceServerResetTestExecutionListener@55fdf7f9, org.springframework.boot.test.autoconfigure.web.servlet.MockMvcPrintOnlyOnFailureTestExecutionListener@4091b9c3, org.springframework.boot.test.autoconfigure.web.servlet.WebDriverTestExecutionListener@29050de5, org.springframework.boot.test.autoconfigure.webservices.client.MockWebServiceServerTestExecutionListener@3610f277]
2023-10-04 11:50:46,550 WARN o.s.b.t.j.DuplicateJsonObjectContextCustomizerFactory$DuplicateJsonObjectContextCustomizer.logDuplicateJsonObjectsWarning [main] 

Found multiple occurrences of org.json.JSONObject on the class path:

	jar:file:/C:/Tools/MavenRepository/com/vaadin/external/google/android-json/0.0.20131108.vaadin1/android-json-0.0.20131108.vaadin1.jar!/org/json/JSONObject.class
	jar:file:/C:/Tools/MavenRepository/org/json/json/20230618/json-20230618.jar!/org/json/JSONObject.class

You may wish to exclude one of them to ensure predictable runtime behavior

2023-10-04 11:50:46,555 INFO o.s.b.StartupInfoLogger.logStarting [main] Starting TransformerServiceImplTest using Java 1.8.0_362-362 on N-5CG1417NTF with PID 34112 (started by shotyagi in C:\Users\shotyagi\Desktop\OPTUS\STS_WS\EsimGatewayTransformer)
2023-10-04 11:50:46,558 INFO o.s.b.SpringApplication.logStartupProfileInfo [main] No active profile set, falling back to default profiles: default
2023-10-04 11:50:47,549 INFO o.s.s.c.ExecutorConfigurationSupport.initialize [main] Initializing ExecutorService 'applicationTaskExecutor'
2023-10-04 11:50:47,857 INFO o.s.b.StartupInfoLogger.logStarted [main] Started TransformerServiceImplTest in 1.377 seconds (JVM running for 8.519)
2023-10-04 11:50:47,870 INFO c.n.e.s.TransformerServiceImpl.getEsimProfileStatus [main] GetEsimProfileStatusRequestDto(requestId=null, sourceSystem=null, iccid=null, smdpName=null)Validating GetEsimProfileStatus Request
2023-10-04 11:50:47,871 INFO c.n.e.s.TransformerServiceImpl.getEsimProfileStatus [main] GetEsimProfileStatusRequestDto(requestId=null, sourceSystem=null, iccid=null, smdpName=null)Sending GET request to ES for GetProfileStatusInfoByPrimaryIccid
2023-10-04 11:50:47,882 INFO c.n.e.s.TransformerServiceImpl.prepareEsimProfile [main] PrepareEsimProfileRequestDto(requestId=null, sourceSystem=null, iccId=null, smdpName=null, msisdn=null, eid=null, reservationType=null, releaseFlag=true, orderId=null)Validating PrepareEsimProfile Request
2023-10-04 11:50:47,883 INFO c.n.e.s.TransformerServiceImpl.prepareEsimProfile [main] PrepareEsimProfileRequestDto(requestId=null, sourceSystem=null, iccId=null, smdpName=null, msisdn=null, eid=null, reservationType=null, releaseFlag=true, orderId=null)Sending Download Order request
2023-10-04 11:50:47,886 INFO c.n.e.s.TransformerServiceImpl.prepareEsimProfile [main] PrepareEsimProfileRequestDto(requestId=null, sourceSystem=null, iccId=null, smdpName=null, msisdn=null, eid=null, reservationType=null, releaseFlag=true, orderId=null)Download Order Request Success
2023-10-04 11:50:47,886 INFO c.n.e.s.TransformerServiceImpl.prepareEsimProfile [main] PrepareEsimProfileRequestDto(requestId=null, sourceSystem=null, iccId=null, smdpName=null, msisdn=null, eid=null, reservationType=null, releaseFlag=true, orderId=null)Sending Confirm Order request
2023-10-04 11:50:47,887 INFO c.n.e.s.TransformerServiceImpl.prepareEsimProfile [main] PrepareEsimProfileRequestDto(requestId=null, sourceSystem=null, iccId=null, smdpName=null, msisdn=null, eid=null, reservationType=null, releaseFlag=true, orderId=null)Confirm Order Request Failed with URL http://localhost:8082/gsma/rsp2/es2plus/confirmOrder , status 200 , response {"eid":null,"header":{"functionExecutionStatus":{"status":"Failed","statusCodeData":{"subjectIdentifier":"","reasonCode":"3.9","message":"","subjectCode":"8.2.1"}}},"smdpAddress":null,"matchingId":null}
2023-10-04 11:50:47,888 INFO c.n.e.s.TransformerServiceImpl.prepareEsimProfile [main] PrepareEsimProfileRequestDto(requestId=null, sourceSystem=null, iccId=null, smdpName=null, msisdn=null, eid=null, reservationType=null, releaseFlag=true, orderId=null)TenantId is :: 5
2023-10-04 11:50:47,889 INFO c.n.e.s.TransformerServiceImpl.prepareEsimProfile [main] PrepareEsimProfileRequestDto(requestId=null, sourceSystem=null, iccId=null, smdpName=null, msisdn=null, eid=null, reservationType=null, releaseFlag=true, orderId=null)Sending AddOrUpdatePrimaryInfo Request to ES
2023-10-04 11:50:47,896 INFO c.n.e.s.TransformerServiceImpl.changeEsimProfileStatus [main] ChangeEsimProfileStatusRequestDto(requestId=null, sourceSystem=null, iccid=null, profileStatus=null, smdpName=null)Validating changeEsimProfileStatus Request
2023-10-04 11:50:47,896 INFO c.n.e.s.TransformerServiceImpl.sendGetPrimaryInfoByIccidRequest [main] ChangeEsimProfileStatusRequestDto(requestId=null, sourceSystem=null, iccid=null, profileStatus=null, smdpName=null)Sending GET request to ES for GetPrimaryInfoByIccid
2023-10-04 11:50:47,896 INFO c.n.e.s.TransformerServiceImpl.changeEsimProfileStatus [main] ChangeEsimProfileStatusRequestDto(requestId=null, sourceSystem=null, iccid=null, profileStatus=null, smdpName=null)Cancel Order Request Failed with URL http://localhost:8082/gsma/rsp2/es2plus/cancelOrder , status 200 , response {"error_message":"Invalid Association","header":{"functionExecutionStatus":{"status":"Failed","statusCodeData":{"subjectIdentifier":"ProfileICCID","reasonCode":"3.9.1","message":"Invalid Association","subjectCode":"8.2.1"}}},"error_code":10061}
2023-10-04 11:50:47,904 INFO c.n.e.s.TransformerServiceImpl.changeEsimProfileStatus [main] ChangeEsimProfileStatusRequestDto(requestId=null, sourceSystem=null, iccid=null, profileStatus=null, smdpName=null)Validating changeEsimProfileStatus Request
2023-10-04 11:50:47,904 INFO c.n.e.s.TransformerServiceImpl.sendGetPrimaryInfoByIccidRequest [main] ChangeEsimProfileStatusRequestDto(requestId=null, sourceSystem=null, iccid=null, profileStatus=null, smdpName=null)Sending GET request to ES for GetPrimaryInfoByIccid
2023-10-04 11:50:47,905 ERROR c.n.e.s.TransformerServiceImpl.changeEsimProfileStatus [main] ChangeEsimProfileStatusRequestDto(requestId=null, sourceSystem=null, iccid=null, profileStatus=null, smdpName=null)sendPostRequest failed for URL:http://localhost:8082/gsma/rsp2/es2plus/cancelOrder
2023-10-04 11:50:47,905 ERROR c.n.e.s.TransformerServiceImpl.changeEsimProfileStatus [main] ChangeEsimProfileStatusRequestDto(requestId=null, sourceSystem=null, iccid=null, profileStatus=null, smdpName=null)java.lang.RuntimeException
	at com.nokia.esim.service.TransformerServiceImpl.sendCancelOrderRequest(TransformerServiceImpl.java:571)
	at com.nokia.esim.service.TransformerServiceImpl.changeEsimProfileStatus(TransformerServiceImpl.java:328)
	at com.nokia.esim.service.TransformerServiceImplTest.lambda$testChangeEsimProfileStatus_CancelOrderCallFailure_Ex$8(TransformerServiceImplTest.java:482)
	at org.junit.jupiter.api.AssertThrows.assertThrows(AssertThrows.java:55)
	at org.junit.jupiter.api.AssertThrows.assertThrows(AssertThrows.java:37)
	at org.junit.jupiter.api.Assertions.assertThrows(Assertions.java:3007)
	at com.nokia.esim.service.TransformerServiceImplTest.testChangeEsimProfileStatus_CancelOrderCallFailure_Ex(TransformerServiceImplTest.java:481)
	at sun.reflect.NativeMethodAccessorImpl.invoke0(Native Method)
	at sun.reflect.NativeMethodAccessorImpl.invoke(NativeMethodAccessorImpl.java:62)
	at sun.reflect.DelegatingMethodAccessorImpl.invoke(DelegatingMethodAccessorImpl.java:43)
	at java.lang.reflect.Method.invoke(Method.java:498)
	at org.junit.platform.commons.util.ReflectionUtils.invokeMethod(ReflectionUtils.java:688)
	at org.junit.jupiter.engine.execution.MethodInvocation.proceed(MethodInvocation.java:60)
	at org.junit.jupiter.engine.execution.InvocationInterceptorChain$ValidatingInvocation.proceed(InvocationInterceptorChain.java:131)
	at org.junit.jupiter.engine.extension.TimeoutExtension.intercept(TimeoutExtension.java:149)
	at org.junit.jupiter.engine.extension.TimeoutExtension.interceptTestableMethod(TimeoutExtension.java:140)
	at org.junit.jupiter.engine.extension.TimeoutExtension.interceptTestMethod(TimeoutExtension.java:84)
	at org.junit.jupiter.engine.execution.ExecutableInvoker$ReflectiveInterceptorCall.lambda$ofVoidMethod$0(ExecutableInvoker.java:115)
	at org.junit.jupiter.engine.execution.ExecutableInvoker.lambda$invoke$0(ExecutableInvoker.java:105)
	at org.junit.jupiter.engine.execution.InvocationInterceptorChain$InterceptedInvocation.proceed(InvocationInterceptorChain.java:106)
	at org.junit.jupiter.engine.execution.InvocationInterceptorChain.proceed(InvocationInterceptorChain.java:64)
	at org.junit.jupiter.engine.execution.InvocationInterceptorChain.chainAndInvoke(InvocationInterceptorChain.java:45)
	at org.junit.jupiter.engine.execution.InvocationInterceptorChain.invoke(InvocationInterceptorChain.java:37)
	at org.junit.jupiter.engine.execution.ExecutableInvoker.invoke(ExecutableInvoker.java:104)
	at org.junit.jupiter.engine.execution.ExecutableInvoker.invoke(ExecutableInvoker.java:98)
	at org.junit.jupiter.engine.descriptor.TestMethodTestDescriptor.lambda$invokeTestMethod$6(TestMethodTestDescriptor.java:210)
	at org.junit.platform.engine.support.hierarchical.ThrowableCollector.execute(ThrowableCollector.java:73)
	at org.junit.jupiter.engine.descriptor.TestMethodTestDescriptor.invokeTestMethod(TestMethodTestDescriptor.java:206)
	at org.junit.jupiter.engine.descriptor.TestMethodTestDescriptor.execute(TestMethodTestDescriptor.java:131)
	at org.junit.jupiter.engine.descriptor.TestMethodTestDescriptor.execute(TestMethodTestDescriptor.java:65)
	at org.junit.platform.engine.support.hierarchical.NodeTestTask.lambda$executeRecursively$5(NodeTestTask.java:139)
	at org.junit.platform.engine.support.hierarchical.ThrowableCollector.execute(ThrowableCollector.java:73)
	at org.junit.platform.engine.support.hierarchical.NodeTestTask.lambda$executeRecursively$7(NodeTestTask.java:129)
	at org.junit.platform.engine.support.hierarchical.Node.around(Node.java:137)
	at org.junit.platform.engine.support.hierarchical.NodeTestTask.lambda$executeRecursively$8(NodeTestTask.java:127)
	at org.junit.platform.engine.support.hierarchical.ThrowableCollector.execute(ThrowableCollector.java:73)
	at org.junit.platform.engine.support.hierarchical.NodeTestTask.executeRecursively(NodeTestTask.java:126)
	at org.junit.platform.engine.support.hierarchical.NodeTestTask.execute(NodeTestTask.java:84)
	at java.util.ArrayList.forEach(ArrayList.java:1259)
	at org.junit.platform.engine.support.hierarchical.SameThreadHierarchicalTestExecutorService.invokeAll(SameThreadHierarchicalTestExecutorService.java:38)
	at org.junit.platform.engine.support.hierarchical.NodeTestTask.lambda$executeRecursively$5(NodeTestTask.java:143)
	at org.junit.platform.engine.support.hierarchical.ThrowableCollector.execute(ThrowableCollector.java:73)
	at org.junit.platform.engine.support.hierarchical.NodeTestTask.lambda$executeRecursively$7(NodeTestTask.java:129)
	at org.junit.platform.engine.support.hierarchical.Node.around(Node.java:137)
	at org.junit.platform.engine.support.hierarchical.NodeTestTask.lambda$executeRecursively$8(NodeTestTask.java:127)
	at org.junit.platform.engine.support.hierarchical.ThrowableCollector.execute(ThrowableCollector.java:73)
	at org.junit.platform.engine.support.hierarchical.NodeTestTask.executeRecursively(NodeTestTask.java:126)
	at org.junit.platform.engine.support.hierarchical.NodeTestTask.execute(NodeTestTask.java:84)
	at java.util.ArrayList.forEach(ArrayList.java:1259)
	at org.junit.platform.engine.support.hierarchical.SameThreadHierarchicalTestExecutorService.invokeAll(SameThreadHierarchicalTestExecutorService.java:38)
	at org.junit.platform.engine.support.hierarchical.NodeTestTask.lambda$executeRecursively$5(NodeTestTask.java:143)
	at org.junit.platform.engine.support.hierarchical.ThrowableCollector.execute(ThrowableCollector.java:73)
	at org.junit.platform.engine.support.hierarchical.NodeTestTask.lambda$executeRecursively$7(NodeTestTask.java:129)
	at org.junit.platform.engine.support.hierarchical.Node.around(Node.java:137)
	at org.junit.platform.engine.support.hierarchical.NodeTestTask.lambda$executeRecursively$8(NodeTestTask.java:127)
	at org.junit.platform.engine.support.hierarchical.ThrowableCollector.execute(ThrowableCollector.java:73)
	at org.junit.platform.engine.support.hierarchical.NodeTestTask.executeRecursively(NodeTestTask.java:126)
	at org.junit.platform.engine.support.hierarchical.NodeTestTask.execute(NodeTestTask.java:84)
	at org.junit.platform.engine.support.hierarchical.SameThreadHierarchicalTestExecutorService.submit(SameThreadHierarchicalTestExecutorService.java:32)
	at org.junit.platform.engine.support.hierarchical.HierarchicalTestExecutor.execute(HierarchicalTestExecutor.java:57)
	at org.junit.platform.engine.support.hierarchical.HierarchicalTestEngine.execute(HierarchicalTestEngine.java:51)
	at org.junit.platform.launcher.core.DefaultLauncher.execute(DefaultLauncher.java:220)
	at org.junit.platform.launcher.core.DefaultLauncher.lambda$execute$6(DefaultLauncher.java:188)
	at org.junit.platform.launcher.core.DefaultLauncher.withInterceptedStreams(DefaultLauncher.java:202)
	at org.junit.platform.launcher.core.DefaultLauncher.execute(DefaultLauncher.java:181)
	at org.junit.platform.launcher.core.DefaultLauncher.execute(DefaultLauncher.java:128)
	at org.apache.maven.surefire.junitplatform.JUnitPlatformProvider.invokeAllTests(JUnitPlatformProvider.java:150)
	at org.apache.maven.surefire.junitplatform.JUnitPlatformProvider.invoke(JUnitPlatformProvider.java:124)
	at org.apache.maven.surefire.booter.ForkedBooter.invokeProviderInSameClassLoader(ForkedBooter.java:384)
	at org.apache.maven.surefire.booter.ForkedBooter.runSuitesInProcess(ForkedBooter.java:345)
	at org.apache.maven.surefire.booter.ForkedBooter.execute(ForkedBooter.java:126)
	at org.apache.maven.surefire.booter.ForkedBooter.main(ForkedBooter.java:418)

2023-10-04 11:50:47,915 INFO c.n.e.s.TransformerServiceImpl.prepareEsimProfile [main] PrepareEsimProfileRequestDto(requestId=null, sourceSystem=null, iccId=null, smdpName=null, msisdn=null, eid=null, reservationType=null, releaseFlag=true, orderId=null)Validating PrepareEsimProfile Request
2023-10-04 11:50:47,915 INFO c.n.e.s.TransformerServiceImpl.prepareEsimProfile [main] PrepareEsimProfileRequestDto(requestId=null, sourceSystem=null, iccId=null, smdpName=null, msisdn=null, eid=null, reservationType=null, releaseFlag=true, orderId=null)Sending Download Order request
2023-10-04 11:50:47,916 INFO c.n.e.s.TransformerServiceImpl.prepareEsimProfile [main] PrepareEsimProfileRequestDto(requestId=null, sourceSystem=null, iccId=null, smdpName=null, msisdn=null, eid=null, reservationType=null, releaseFlag=true, orderId=null)Download Order Request Success
2023-10-04 11:50:47,916 INFO c.n.e.s.TransformerServiceImpl.prepareEsimProfile [main] PrepareEsimProfileRequestDto(requestId=null, sourceSystem=null, iccId=null, smdpName=null, msisdn=null, eid=null, reservationType=null, releaseFlag=true, orderId=null)Sending Confirm Order request
2023-10-04 11:50:47,916 INFO c.n.e.s.TransformerServiceImpl.prepareEsimProfile [main] PrepareEsimProfileRequestDto(requestId=null, sourceSystem=null, iccId=null, smdpName=null, msisdn=null, eid=null, reservationType=null, releaseFlag=true, orderId=null)Confirm Order Request Failed with URL http://localhost:8082/gsma/rsp2/es2plus/confirmOrder , status 200 , response {"eid":null,"header":{"functionExecutionStatus":{"status":"Failed","statusCodeData":{"subjectIdentifier":"","reasonCode":"3.9.1.1","message":"","subjectCode":"8.2.1"}}},"smdpAddress":null,"matchingId":null}
2023-10-04 11:50:47,917 INFO c.n.e.s.TransformerServiceImpl.prepareEsimProfile [main] PrepareEsimProfileRequestDto(requestId=null, sourceSystem=null, iccId=null, smdpName=null, msisdn=null, eid=null, reservationType=null, releaseFlag=true, orderId=null)TenantId is :: 5
2023-10-04 11:50:47,918 INFO c.n.e.s.TransformerServiceImpl.prepareEsimProfile [main] PrepareEsimProfileRequestDto(requestId=null, sourceSystem=null, iccId=null, smdpName=null, msisdn=null, eid=null, reservationType=null, releaseFlag=true, orderId=null)Sending AddOrUpdatePrimaryInfo Request to ES
2023-10-04 11:50:47,928 INFO c.n.e.s.TransformerServiceImpl.changeEsimProfileStatus [main] ChangeEsimProfileStatusRequestDto(requestId=null, sourceSystem=null, iccid=null, profileStatus=null, smdpName=null)Validating changeEsimProfileStatus Request
2023-10-04 11:50:47,928 INFO c.n.e.s.TransformerServiceImpl.sendGetPrimaryInfoByIccidRequest [main] ChangeEsimProfileStatusRequestDto(requestId=null, sourceSystem=null, iccid=null, profileStatus=null, smdpName=null)Sending GET request to ES for GetPrimaryInfoByIccid
2023-10-04 11:50:47,929 INFO c.n.e.s.TransformerServiceImpl.changeEsimProfileStatus [main] ChangeEsimProfileStatusRequestDto(requestId=null, sourceSystem=null, iccid=null, profileStatus=null, smdpName=null)Cancel Order Request Failed with URL http://localhost:8082/gsma/rsp2/es2plus/cancelOrder , status 400 BAD_REQUEST , headers null , response 
2023-10-04 11:50:47,930 ERROR c.n.e.s.TransformerServiceImpl.changeEsimProfileStatus [main] ChangeEsimProfileStatusRequestDto(requestId=null, sourceSystem=null, iccid=null, profileStatus=null, smdpName=null)org.springframework.web.client.HttpClientErrorException: 400 BAD_REQUEST
	at com.nokia.esim.service.TransformerServiceImpl.sendCancelOrderRequest(TransformerServiceImpl.java:571)
	at com.nokia.esim.service.TransformerServiceImpl.changeEsimProfileStatus(TransformerServiceImpl.java:328)
	at com.nokia.esim.service.TransformerServiceImplTest.lambda$testChangeEsimProfileStatus_CancelOrderCallFailure$7(TransformerServiceImplTest.java:465)
	at org.junit.jupiter.api.AssertThrows.assertThrows(AssertThrows.java:55)
	at org.junit.jupiter.api.AssertThrows.assertThrows(AssertThrows.java:37)
	at org.junit.jupiter.api.Assertions.assertThrows(Assertions.java:3007)
	at com.nokia.esim.service.TransformerServiceImplTest.testChangeEsimProfileStatus_CancelOrderCallFailure(TransformerServiceImplTest.java:464)
	at sun.reflect.NativeMethodAccessorImpl.invoke0(Native Method)
	at sun.reflect.NativeMethodAccessorImpl.invoke(NativeMethodAccessorImpl.java:62)
	at sun.reflect.DelegatingMethodAccessorImpl.invoke(DelegatingMethodAccessorImpl.java:43)
	at java.lang.reflect.Method.invoke(Method.java:498)
	at org.junit.platform.commons.util.ReflectionUtils.invokeMethod(ReflectionUtils.java:688)
	at org.junit.jupiter.engine.execution.MethodInvocation.proceed(MethodInvocation.java:60)
	at org.junit.jupiter.engine.execution.InvocationInterceptorChain$ValidatingInvocation.proceed(InvocationInterceptorChain.java:131)
	at org.junit.jupiter.engine.extension.TimeoutExtension.intercept(TimeoutExtension.java:149)
	at org.junit.jupiter.engine.extension.TimeoutExtension.interceptTestableMethod(TimeoutExtension.java:140)
	at org.junit.jupiter.engine.extension.TimeoutExtension.interceptTestMethod(TimeoutExtension.java:84)
	at org.junit.jupiter.engine.execution.ExecutableInvoker$ReflectiveInterceptorCall.lambda$ofVoidMethod$0(ExecutableInvoker.java:115)
	at org.junit.jupiter.engine.execution.ExecutableInvoker.lambda$invoke$0(ExecutableInvoker.java:105)
	at org.junit.jupiter.engine.execution.InvocationInterceptorChain$InterceptedInvocation.proceed(InvocationInterceptorChain.java:106)
	at org.junit.jupiter.engine.execution.InvocationInterceptorChain.proceed(InvocationInterceptorChain.java:64)
	at org.junit.jupiter.engine.execution.InvocationInterceptorChain.chainAndInvoke(InvocationInterceptorChain.java:45)
	at org.junit.jupiter.engine.execution.InvocationInterceptorChain.invoke(InvocationInterceptorChain.java:37)
	at org.junit.jupiter.engine.execution.ExecutableInvoker.invoke(ExecutableInvoker.java:104)
	at org.junit.jupiter.engine.execution.ExecutableInvoker.invoke(ExecutableInvoker.java:98)
	at org.junit.jupiter.engine.descriptor.TestMethodTestDescriptor.lambda$invokeTestMethod$6(TestMethodTestDescriptor.java:210)
	at org.junit.platform.engine.support.hierarchical.ThrowableCollector.execute(ThrowableCollector.java:73)
	at org.junit.jupiter.engine.descriptor.TestMethodTestDescriptor.invokeTestMethod(TestMethodTestDescriptor.java:206)
	at org.junit.jupiter.engine.descriptor.TestMethodTestDescriptor.execute(TestMethodTestDescriptor.java:131)
	at org.junit.jupiter.engine.descriptor.TestMethodTestDescriptor.execute(TestMethodTestDescriptor.java:65)
	at org.junit.platform.engine.support.hierarchical.NodeTestTask.lambda$executeRecursively$5(NodeTestTask.java:139)
	at org.junit.platform.engine.support.hierarchical.ThrowableCollector.execute(ThrowableCollector.java:73)
	at org.junit.platform.engine.support.hierarchical.NodeTestTask.lambda$executeRecursively$7(NodeTestTask.java:129)
	at org.junit.platform.engine.support.hierarchical.Node.around(Node.java:137)
	at org.junit.platform.engine.support.hierarchical.NodeTestTask.lambda$executeRecursively$8(NodeTestTask.java:127)
	at org.junit.platform.engine.support.hierarchical.ThrowableCollector.execute(ThrowableCollector.java:73)
	at org.junit.platform.engine.support.hierarchical.NodeTestTask.executeRecursively(NodeTestTask.java:126)
	at org.junit.platform.engine.support.hierarchical.NodeTestTask.execute(NodeTestTask.java:84)
	at java.util.ArrayList.forEach(ArrayList.java:1259)
	at org.junit.platform.engine.support.hierarchical.SameThreadHierarchicalTestExecutorService.invokeAll(SameThreadHierarchicalTestExecutorService.java:38)
	at org.junit.platform.engine.support.hierarchical.NodeTestTask.lambda$executeRecursively$5(NodeTestTask.java:143)
	at org.junit.platform.engine.support.hierarchical.ThrowableCollector.execute(ThrowableCollector.java:73)
	at org.junit.platform.engine.support.hierarchical.NodeTestTask.lambda$executeRecursively$7(NodeTestTask.java:129)
	at org.junit.platform.engine.support.hierarchical.Node.around(Node.java:137)
	at org.junit.platform.engine.support.hierarchical.NodeTestTask.lambda$executeRecursively$8(NodeTestTask.java:127)
	at org.junit.platform.engine.support.hierarchical.ThrowableCollector.execute(ThrowableCollector.java:73)
	at org.junit.platform.engine.support.hierarchical.NodeTestTask.executeRecursively(NodeTestTask.java:126)
	at org.junit.platform.engine.support.hierarchical.NodeTestTask.execute(NodeTestTask.java:84)
	at java.util.ArrayList.forEach(ArrayList.java:1259)
	at org.junit.platform.engine.support.hierarchical.SameThreadHierarchicalTestExecutorService.invokeAll(SameThreadHierarchicalTestExecutorService.java:38)
	at org.junit.platform.engine.support.hierarchical.NodeTestTask.lambda$executeRecursively$5(NodeTestTask.java:143)
	at org.junit.platform.engine.support.hierarchical.ThrowableCollector.execute(ThrowableCollector.java:73)
	at org.junit.platform.engine.support.hierarchical.NodeTestTask.lambda$executeRecursively$7(NodeTestTask.java:129)
	at org.junit.platform.engine.support.hierarchical.Node.around(Node.java:137)
	at org.junit.platform.engine.support.hierarchical.NodeTestTask.lambda$executeRecursively$8(NodeTestTask.java:127)
	at org.junit.platform.engine.support.hierarchical.ThrowableCollector.execute(ThrowableCollector.java:73)
	at org.junit.platform.engine.support.hierarchical.NodeTestTask.executeRecursively(NodeTestTask.java:126)
	at org.junit.platform.engine.support.hierarchical.NodeTestTask.execute(NodeTestTask.java:84)
	at org.junit.platform.engine.support.hierarchical.SameThreadHierarchicalTestExecutorService.submit(SameThreadHierarchicalTestExecutorService.java:32)
	at org.junit.platform.engine.support.hierarchical.HierarchicalTestExecutor.execute(HierarchicalTestExecutor.java:57)
	at org.junit.platform.engine.support.hierarchical.HierarchicalTestEngine.execute(HierarchicalTestEngine.java:51)
	at org.junit.platform.launcher.core.DefaultLauncher.execute(DefaultLauncher.java:220)
	at org.junit.platform.launcher.core.DefaultLauncher.lambda$execute$6(DefaultLauncher.java:188)
	at org.junit.platform.launcher.core.DefaultLauncher.withInterceptedStreams(DefaultLauncher.java:202)
	at org.junit.platform.launcher.core.DefaultLauncher.execute(DefaultLauncher.java:181)
	at org.junit.platform.launcher.core.DefaultLauncher.execute(DefaultLauncher.java:128)
	at org.apache.maven.surefire.junitplatform.JUnitPlatformProvider.invokeAllTests(JUnitPlatformProvider.java:150)
	at org.apache.maven.surefire.junitplatform.JUnitPlatformProvider.invoke(JUnitPlatformProvider.java:124)
	at org.apache.maven.surefire.booter.ForkedBooter.invokeProviderInSameClassLoader(ForkedBooter.java:384)
	at org.apache.maven.surefire.booter.ForkedBooter.runSuitesInProcess(ForkedBooter.java:345)
	at org.apache.maven.surefire.booter.ForkedBooter.execute(ForkedBooter.java:126)
	at org.apache.maven.surefire.booter.ForkedBooter.main(ForkedBooter.java:418)

2023-10-04 11:50:47,939 INFO c.n.e.s.TransformerServiceImpl.prepareEsimProfile [main] PrepareEsimProfileRequestDto(requestId=null, sourceSystem=null, iccId=null, smdpName=null, msisdn=null, eid=null, reservationType=null, releaseFlag=true, orderId=null)Validating PrepareEsimProfile Request
2023-10-04 11:50:47,940 INFO c.n.e.s.TransformerServiceImpl.prepareEsimProfile [main] PrepareEsimProfileRequestDto(requestId=null, sourceSystem=null, iccId=null, smdpName=null, msisdn=null, eid=null, reservationType=null, releaseFlag=true, orderId=null)Sending Download Order request
2023-10-04 11:50:47,941 INFO c.n.e.s.TransformerServiceImpl.prepareEsimProfile [main] PrepareEsimProfileRequestDto(requestId=null, sourceSystem=null, iccId=null, smdpName=null, msisdn=null, eid=null, reservationType=null, releaseFlag=true, orderId=null)Download Order Request Success
2023-10-04 11:50:47,941 INFO c.n.e.s.TransformerServiceImpl.prepareEsimProfile [main] PrepareEsimProfileRequestDto(requestId=null, sourceSystem=null, iccId=null, smdpName=null, msisdn=null, eid=null, reservationType=null, releaseFlag=true, orderId=null)Sending Confirm Order request
2023-10-04 11:50:47,942 INFO c.n.e.s.TransformerServiceImpl.prepareEsimProfile [main] PrepareEsimProfileRequestDto(requestId=null, sourceSystem=null, iccId=null, smdpName=null, msisdn=null, eid=null, reservationType=null, releaseFlag=true, orderId=null)Confirm Order Request Failed with URL http://localhost:8082/gsma/rsp2/es2plus/confirmOrder , status 400 BAD_REQUEST , headers null , response 
2023-10-04 11:50:47,943 ERROR c.n.e.s.TransformerServiceImpl.prepareEsimProfile [main] PrepareEsimProfileRequestDto(requestId=null, sourceSystem=null, iccId=null, smdpName=null, msisdn=null, eid=null, reservationType=null, releaseFlag=true, orderId=null)org.springframework.web.client.HttpClientErrorException: 400 BAD_REQUEST
	at com.nokia.esim.service.TransformerServiceImpl.sendConfirmOrderRequest(TransformerServiceImpl.java:547)
	at com.nokia.esim.service.TransformerServiceImpl.prepareEsimProfile(TransformerServiceImpl.java:239)
	at com.nokia.esim.service.TransformerServiceImpl.prepareEsimProfile(TransformerServiceImpl.java:148)
	at com.nokia.esim.service.TransformerServiceImplTest.lambda$testPrepareEsimProfile_ConfirmOrderCallFailure$5(TransformerServiceImplTest.java:342)
	at org.junit.jupiter.api.AssertThrows.assertThrows(AssertThrows.java:55)
	at org.junit.jupiter.api.AssertThrows.assertThrows(AssertThrows.java:37)
	at org.junit.jupiter.api.Assertions.assertThrows(Assertions.java:3007)
	at com.nokia.esim.service.TransformerServiceImplTest.testPrepareEsimProfile_ConfirmOrderCallFailure(TransformerServiceImplTest.java:341)
	at sun.reflect.NativeMethodAccessorImpl.invoke0(Native Method)
	at sun.reflect.NativeMethodAccessorImpl.invoke(NativeMethodAccessorImpl.java:62)
	at sun.reflect.DelegatingMethodAccessorImpl.invoke(DelegatingMethodAccessorImpl.java:43)
	at java.lang.reflect.Method.invoke(Method.java:498)
	at org.junit.platform.commons.util.ReflectionUtils.invokeMethod(ReflectionUtils.java:688)
	at org.junit.jupiter.engine.execution.MethodInvocation.proceed(MethodInvocation.java:60)
	at org.junit.jupiter.engine.execution.InvocationInterceptorChain$ValidatingInvocation.proceed(InvocationInterceptorChain.java:131)
	at org.junit.jupiter.engine.extension.TimeoutExtension.intercept(TimeoutExtension.java:149)
	at org.junit.jupiter.engine.extension.TimeoutExtension.interceptTestableMethod(TimeoutExtension.java:140)
	at org.junit.jupiter.engine.extension.TimeoutExtension.interceptTestMethod(TimeoutExtension.java:84)
	at org.junit.jupiter.engine.execution.ExecutableInvoker$ReflectiveInterceptorCall.lambda$ofVoidMethod$0(ExecutableInvoker.java:115)
	at org.junit.jupiter.engine.execution.ExecutableInvoker.lambda$invoke$0(ExecutableInvoker.java:105)
	at org.junit.jupiter.engine.execution.InvocationInterceptorChain$InterceptedInvocation.proceed(InvocationInterceptorChain.java:106)
	at org.junit.jupiter.engine.execution.InvocationInterceptorChain.proceed(InvocationInterceptorChain.java:64)
	at org.junit.jupiter.engine.execution.InvocationInterceptorChain.chainAndInvoke(InvocationInterceptorChain.java:45)
	at org.junit.jupiter.engine.execution.InvocationInterceptorChain.invoke(InvocationInterceptorChain.java:37)
	at org.junit.jupiter.engine.execution.ExecutableInvoker.invoke(ExecutableInvoker.java:104)
	at org.junit.jupiter.engine.execution.ExecutableInvoker.invoke(ExecutableInvoker.java:98)
	at org.junit.jupiter.engine.descriptor.TestMethodTestDescriptor.lambda$invokeTestMethod$6(TestMethodTestDescriptor.java:210)
	at org.junit.platform.engine.support.hierarchical.ThrowableCollector.execute(ThrowableCollector.java:73)
	at org.junit.jupiter.engine.descriptor.TestMethodTestDescriptor.invokeTestMethod(TestMethodTestDescriptor.java:206)
	at org.junit.jupiter.engine.descriptor.TestMethodTestDescriptor.execute(TestMethodTestDescriptor.java:131)
	at org.junit.jupiter.engine.descriptor.TestMethodTestDescriptor.execute(TestMethodTestDescriptor.java:65)
	at org.junit.platform.engine.support.hierarchical.NodeTestTask.lambda$executeRecursively$5(NodeTestTask.java:139)
	at org.junit.platform.engine.support.hierarchical.ThrowableCollector.execute(ThrowableCollector.java:73)
	at org.junit.platform.engine.support.hierarchical.NodeTestTask.lambda$executeRecursively$7(NodeTestTask.java:129)
	at org.junit.platform.engine.support.hierarchical.Node.around(Node.java:137)
	at org.junit.platform.engine.support.hierarchical.NodeTestTask.lambda$executeRecursively$8(NodeTestTask.java:127)
	at org.junit.platform.engine.support.hierarchical.ThrowableCollector.execute(ThrowableCollector.java:73)
	at org.junit.platform.engine.support.hierarchical.NodeTestTask.executeRecursively(NodeTestTask.java:126)
	at org.junit.platform.engine.support.hierarchical.NodeTestTask.execute(NodeTestTask.java:84)
	at java.util.ArrayList.forEach(ArrayList.java:1259)
	at org.junit.platform.engine.support.hierarchical.SameThreadHierarchicalTestExecutorService.invokeAll(SameThreadHierarchicalTestExecutorService.java:38)
	at org.junit.platform.engine.support.hierarchical.NodeTestTask.lambda$executeRecursively$5(NodeTestTask.java:143)
	at org.junit.platform.engine.support.hierarchical.ThrowableCollector.execute(ThrowableCollector.java:73)
	at org.junit.platform.engine.support.hierarchical.NodeTestTask.lambda$executeRecursively$7(NodeTestTask.java:129)
	at org.junit.platform.engine.support.hierarchical.Node.around(Node.java:137)
	at org.junit.platform.engine.support.hierarchical.NodeTestTask.lambda$executeRecursively$8(NodeTestTask.java:127)
	at org.junit.platform.engine.support.hierarchical.ThrowableCollector.execute(ThrowableCollector.java:73)
	at org.junit.platform.engine.support.hierarchical.NodeTestTask.executeRecursively(NodeTestTask.java:126)
	at org.junit.platform.engine.support.hierarchical.NodeTestTask.execute(NodeTestTask.java:84)
	at java.util.ArrayList.forEach(ArrayList.java:1259)
	at org.junit.platform.engine.support.hierarchical.SameThreadHierarchicalTestExecutorService.invokeAll(SameThreadHierarchicalTestExecutorService.java:38)
	at org.junit.platform.engine.support.hierarchical.NodeTestTask.lambda$executeRecursively$5(NodeTestTask.java:143)
	at org.junit.platform.engine.support.hierarchical.ThrowableCollector.execute(ThrowableCollector.java:73)
	at org.junit.platform.engine.support.hierarchical.NodeTestTask.lambda$executeRecursively$7(NodeTestTask.java:129)
	at org.junit.platform.engine.support.hierarchical.Node.around(Node.java:137)
	at org.junit.platform.engine.support.hierarchical.NodeTestTask.lambda$executeRecursively$8(NodeTestTask.java:127)
	at org.junit.platform.engine.support.hierarchical.ThrowableCollector.execute(ThrowableCollector.java:73)
	at org.junit.platform.engine.support.hierarchical.NodeTestTask.executeRecursively(NodeTestTask.java:126)
	at org.junit.platform.engine.support.hierarchical.NodeTestTask.execute(NodeTestTask.java:84)
	at org.junit.platform.engine.support.hierarchical.SameThreadHierarchicalTestExecutorService.submit(SameThreadHierarchicalTestExecutorService.java:32)
	at org.junit.platform.engine.support.hierarchical.HierarchicalTestExecutor.execute(HierarchicalTestExecutor.java:57)
	at org.junit.platform.engine.support.hierarchical.HierarchicalTestEngine.execute(HierarchicalTestEngine.java:51)
	at org.junit.platform.launcher.core.DefaultLauncher.execute(DefaultLauncher.java:220)
	at org.junit.platform.launcher.core.DefaultLauncher.lambda$execute$6(DefaultLauncher.java:188)
	at org.junit.platform.launcher.core.DefaultLauncher.withInterceptedStreams(DefaultLauncher.java:202)
	at org.junit.platform.launcher.core.DefaultLauncher.execute(DefaultLauncher.java:181)
	at org.junit.platform.launcher.core.DefaultLauncher.execute(DefaultLauncher.java:128)
	at org.apache.maven.surefire.junitplatform.JUnitPlatformProvider.invokeAllTests(JUnitPlatformProvider.java:150)
	at org.apache.maven.surefire.junitplatform.JUnitPlatformProvider.invoke(JUnitPlatformProvider.java:124)
	at org.apache.maven.surefire.booter.ForkedBooter.invokeProviderInSameClassLoader(ForkedBooter.java:384)
	at org.apache.maven.surefire.booter.ForkedBooter.runSuitesInProcess(ForkedBooter.java:345)
	at org.apache.maven.surefire.booter.ForkedBooter.execute(ForkedBooter.java:126)
	at org.apache.maven.surefire.booter.ForkedBooter.main(ForkedBooter.java:418)

2023-10-04 11:50:47,949 INFO c.n.e.s.TransformerServiceImpl.unlinkAndReserveProfile [main] UnlinkAndReserveProfileRequestDto(requestId=null, sourceSystem=null, iccid=null, smdpName=null, msisdn=null, eid=1234, orderId=null, releaseFlag=true)Validating unlinkAndReserveProfile Request
2023-10-04 11:50:47,950 INFO c.n.e.s.TransformerServiceImpl.unlinkAndReserveProfile [main] UnlinkAndReserveProfileRequestDto(requestId=null, sourceSystem=null, iccid=null, smdpName=null, msisdn=null, eid=1234, orderId=null, releaseFlag=true)Cancel Order Request Failed with URL http://localhost:8082/gsma/rsp2/es2plus/cancelOrder , status 200 , response {"error_message":"Invalid Association","header":{"functionExecutionStatus":{"status":"Failed","statusCodeData":{"subjectIdentifier":"ProfileICCID","reasonCode":"3.9","message":"Invalid Association","subjectCode":"8.2.1"}}},"error_code":10061}
2023-10-04 11:50:47,959 INFO c.n.e.s.TransformerServiceImpl.getEsimProfileStatus [main] GetEsimProfileStatusRequestDto(requestId=null, sourceSystem=null, iccid=null, smdpName=null)Validating GetEsimProfileStatus Request
2023-10-04 11:50:47,960 INFO c.n.e.s.TransformerServiceImpl.getEsimProfileStatus [main] GetEsimProfileStatusRequestDto(requestId=null, sourceSystem=null, iccid=null, smdpName=null)Sending GET request to ES for GetProfileStatusInfoByPrimaryIccid
2023-10-04 11:50:47,960 ERROR c.n.e.s.TransformerServiceImpl.getEsimProfileStatus [main] GetEsimProfileStatusRequestDto(requestId=null, sourceSystem=null, iccid=null, smdpName=null)sendGetRequest failed for GetProfileStatusInfoByPrimaryIccid URL:http://localhost:8080/subscriber-repository/subscription/getProfileStatusInfoByPrimaryIccid/null
2023-10-04 11:50:47,961 ERROR c.n.e.s.TransformerServiceImpl.getEsimProfileStatus [main] GetEsimProfileStatusRequestDto(requestId=null, sourceSystem=null, iccid=null, smdpName=null)java.lang.NullPointerException
	at com.nokia.esim.service.TransformerServiceImpl.getEsimProfileStatus(TransformerServiceImpl.java:110)
	at com.nokia.esim.service.TransformerServiceImplTest.lambda$testGetEsimProfileStatus_ExceptionThrown$2(TransformerServiceImplTest.java:111)
	at org.junit.jupiter.api.AssertThrows.assertThrows(AssertThrows.java:55)
	at org.junit.jupiter.api.AssertThrows.assertThrows(AssertThrows.java:37)
	at org.junit.jupiter.api.Assertions.assertThrows(Assertions.java:3007)
	at com.nokia.esim.service.TransformerServiceImplTest.testGetEsimProfileStatus_ExceptionThrown(TransformerServiceImplTest.java:110)
	at sun.reflect.NativeMethodAccessorImpl.invoke0(Native Method)
	at sun.reflect.NativeMethodAccessorImpl.invoke(NativeMethodAccessorImpl.java:62)
	at sun.reflect.DelegatingMethodAccessorImpl.invoke(DelegatingMethodAccessorImpl.java:43)
	at java.lang.reflect.Method.invoke(Method.java:498)
	at org.junit.platform.commons.util.ReflectionUtils.invokeMethod(ReflectionUtils.java:688)
	at org.junit.jupiter.engine.execution.MethodInvocation.proceed(MethodInvocation.java:60)
	at org.junit.jupiter.engine.execution.InvocationInterceptorChain$ValidatingInvocation.proceed(InvocationInterceptorChain.java:131)
	at org.junit.jupiter.engine.extension.TimeoutExtension.intercept(TimeoutExtension.java:149)
	at org.junit.jupiter.engine.extension.TimeoutExtension.interceptTestableMethod(TimeoutExtension.java:140)
	at org.junit.jupiter.engine.extension.TimeoutExtension.interceptTestMethod(TimeoutExtension.java:84)
	at org.junit.jupiter.engine.execution.ExecutableInvoker$ReflectiveInterceptorCall.lambda$ofVoidMethod$0(ExecutableInvoker.java:115)
	at org.junit.jupiter.engine.execution.ExecutableInvoker.lambda$invoke$0(ExecutableInvoker.java:105)
	at org.junit.jupiter.engine.execution.InvocationInterceptorChain$InterceptedInvocation.proceed(InvocationInterceptorChain.java:106)
	at org.junit.jupiter.engine.execution.InvocationInterceptorChain.proceed(InvocationInterceptorChain.java:64)
	at org.junit.jupiter.engine.execution.InvocationInterceptorChain.chainAndInvoke(InvocationInterceptorChain.java:45)
	at org.junit.jupiter.engine.execution.InvocationInterceptorChain.invoke(InvocationInterceptorChain.java:37)
	at org.junit.jupiter.engine.execution.ExecutableInvoker.invoke(ExecutableInvoker.java:104)
	at org.junit.jupiter.engine.execution.ExecutableInvoker.invoke(ExecutableInvoker.java:98)
	at org.junit.jupiter.engine.descriptor.TestMethodTestDescriptor.lambda$invokeTestMethod$6(TestMethodTestDescriptor.java:210)
	at org.junit.platform.engine.support.hierarchical.ThrowableCollector.execute(ThrowableCollector.java:73)
	at org.junit.jupiter.engine.descriptor.TestMethodTestDescriptor.invokeTestMethod(TestMethodTestDescriptor.java:206)
	at org.junit.jupiter.engine.descriptor.TestMethodTestDescriptor.execute(TestMethodTestDescriptor.java:131)
	at org.junit.jupiter.engine.descriptor.TestMethodTestDescriptor.execute(TestMethodTestDescriptor.java:65)
	at org.junit.platform.engine.support.hierarchical.NodeTestTask.lambda$executeRecursively$5(NodeTestTask.java:139)
	at org.junit.platform.engine.support.hierarchical.ThrowableCollector.execute(ThrowableCollector.java:73)
	at org.junit.platform.engine.support.hierarchical.NodeTestTask.lambda$executeRecursively$7(NodeTestTask.java:129)
	at org.junit.platform.engine.support.hierarchical.Node.around(Node.java:137)
	at org.junit.platform.engine.support.hierarchical.NodeTestTask.lambda$executeRecursively$8(NodeTestTask.java:127)
	at org.junit.platform.engine.support.hierarchical.ThrowableCollector.execute(ThrowableCollector.java:73)
	at org.junit.platform.engine.support.hierarchical.NodeTestTask.executeRecursively(NodeTestTask.java:126)
	at org.junit.platform.engine.support.hierarchical.NodeTestTask.execute(NodeTestTask.java:84)
	at java.util.ArrayList.forEach(ArrayList.java:1259)
	at org.junit.platform.engine.support.hierarchical.SameThreadHierarchicalTestExecutorService.invokeAll(SameThreadHierarchicalTestExecutorService.java:38)
	at org.junit.platform.engine.support.hierarchical.NodeTestTask.lambda$executeRecursively$5(NodeTestTask.java:143)
	at org.junit.platform.engine.support.hierarchical.ThrowableCollector.execute(ThrowableCollector.java:73)
	at org.junit.platform.engine.support.hierarchical.NodeTestTask.lambda$executeRecursively$7(NodeTestTask.java:129)
	at org.junit.platform.engine.support.hierarchical.Node.around(Node.java:137)
	at org.junit.platform.engine.support.hierarchical.NodeTestTask.lambda$executeRecursively$8(NodeTestTask.java:127)
	at org.junit.platform.engine.support.hierarchical.ThrowableCollector.execute(ThrowableCollector.java:73)
	at org.junit.platform.engine.support.hierarchical.NodeTestTask.executeRecursively(NodeTestTask.java:126)
	at org.junit.platform.engine.support.hierarchical.NodeTestTask.execute(NodeTestTask.java:84)
	at java.util.ArrayList.forEach(ArrayList.java:1259)
	at org.junit.platform.engine.support.hierarchical.SameThreadHierarchicalTestExecutorService.invokeAll(SameThreadHierarchicalTestExecutorService.java:38)
	at org.junit.platform.engine.support.hierarchical.NodeTestTask.lambda$executeRecursively$5(NodeTestTask.java:143)
	at org.junit.platform.engine.support.hierarchical.ThrowableCollector.execute(ThrowableCollector.java:73)
	at org.junit.platform.engine.support.hierarchical.NodeTestTask.lambda$executeRecursively$7(NodeTestTask.java:129)
	at org.junit.platform.engine.support.hierarchical.Node.around(Node.java:137)
	at org.junit.platform.engine.support.hierarchical.NodeTestTask.lambda$executeRecursively$8(NodeTestTask.java:127)
	at org.junit.platform.engine.support.hierarchical.ThrowableCollector.execute(ThrowableCollector.java:73)
	at org.junit.platform.engine.support.hierarchical.NodeTestTask.executeRecursively(NodeTestTask.java:126)
	at org.junit.platform.engine.support.hierarchical.NodeTestTask.execute(NodeTestTask.java:84)
	at org.junit.platform.engine.support.hierarchical.SameThreadHierarchicalTestExecutorService.submit(SameThreadHierarchicalTestExecutorService.java:32)
	at org.junit.platform.engine.support.hierarchical.HierarchicalTestExecutor.execute(HierarchicalTestExecutor.java:57)
	at org.junit.platform.engine.support.hierarchical.HierarchicalTestEngine.execute(HierarchicalTestEngine.java:51)
	at org.junit.platform.launcher.core.DefaultLauncher.execute(DefaultLauncher.java:220)
	at org.junit.platform.launcher.core.DefaultLauncher.lambda$execute$6(DefaultLauncher.java:188)
	at org.junit.platform.launcher.core.DefaultLauncher.withInterceptedStreams(DefaultLauncher.java:202)
	at org.junit.platform.launcher.core.DefaultLauncher.execute(DefaultLauncher.java:181)
	at org.junit.platform.launcher.core.DefaultLauncher.execute(DefaultLauncher.java:128)
	at org.apache.maven.surefire.junitplatform.JUnitPlatformProvider.invokeAllTests(JUnitPlatformProvider.java:150)
	at org.apache.maven.surefire.junitplatform.JUnitPlatformProvider.invoke(JUnitPlatformProvider.java:124)
	at org.apache.maven.surefire.booter.ForkedBooter.invokeProviderInSameClassLoader(ForkedBooter.java:384)
	at org.apache.maven.surefire.booter.ForkedBooter.runSuitesInProcess(ForkedBooter.java:345)
	at org.apache.maven.surefire.booter.ForkedBooter.execute(ForkedBooter.java:126)
	at org.apache.maven.surefire.booter.ForkedBooter.main(ForkedBooter.java:418)

2023-10-04 11:50:47,969 INFO c.n.e.s.TransformerServiceImpl.unlinkAndReserveProfile [main] UnlinkAndReserveProfileRequestDto(requestId=null, sourceSystem=null, iccid=null, smdpName=null, msisdn=null, eid=1234, orderId=null, releaseFlag=true)Validating unlinkAndReserveProfile Request
2023-10-04 11:50:47,970 INFO c.n.e.s.TransformerServiceImpl.prepareEsimProfile [main] UnlinkAndReserveProfileRequestDto(requestId=null, sourceSystem=null, iccid=null, smdpName=null, msisdn=null, eid=1234, orderId=null, releaseFlag=true)Sending Download Order request
2023-10-04 11:50:47,970 INFO c.n.e.s.TransformerServiceImpl.prepareEsimProfile [main] UnlinkAndReserveProfileRequestDto(requestId=null, sourceSystem=null, iccid=null, smdpName=null, msisdn=null, eid=1234, orderId=null, releaseFlag=true)Download Order Request Success
2023-10-04 11:50:47,970 INFO c.n.e.s.TransformerServiceImpl.prepareEsimProfile [main] UnlinkAndReserveProfileRequestDto(requestId=null, sourceSystem=null, iccid=null, smdpName=null, msisdn=null, eid=1234, orderId=null, releaseFlag=true)Sending Confirm Order request
2023-10-04 11:50:47,972 INFO c.n.e.s.TransformerServiceImpl.prepareEsimProfile [main] UnlinkAndReserveProfileRequestDto(requestId=null, sourceSystem=null, iccid=null, smdpName=null, msisdn=null, eid=1234, orderId=null, releaseFlag=true)Confirm Order Request Success
2023-10-04 11:50:47,972 INFO c.n.e.s.TransformerServiceImpl.prepareEsimProfile [main] UnlinkAndReserveProfileRequestDto(requestId=null, sourceSystem=null, iccid=null, smdpName=null, msisdn=null, eid=1234, orderId=null, releaseFlag=true)TenantId is :: 5
2023-10-04 11:50:47,972 INFO c.n.e.s.TransformerServiceImpl.prepareEsimProfile [main] UnlinkAndReserveProfileRequestDto(requestId=null, sourceSystem=null, iccid=null, smdpName=null, msisdn=null, eid=1234, orderId=null, releaseFlag=true)Sending AddOrUpdatePrimaryInfo Request to ES
2023-10-04 11:50:47,982 INFO c.n.e.s.TransformerServiceImpl.prepareEsimProfile [main] PrepareEsimProfileRequestDto(requestId=null, sourceSystem=null, iccId=null, smdpName=null, msisdn=null, eid=null, reservationType=null, releaseFlag=true, orderId=null)Validating PrepareEsimProfile Request
2023-10-04 11:50:47,983 INFO c.n.e.s.TransformerServiceImpl.prepareEsimProfile [main] PrepareEsimProfileRequestDto(requestId=null, sourceSystem=null, iccId=null, smdpName=null, msisdn=null, eid=null, reservationType=null, releaseFlag=true, orderId=null)Sending Download Order request
2023-10-04 11:50:47,984 INFO c.n.e.s.TransformerServiceImpl.prepareEsimProfile [main] PrepareEsimProfileRequestDto(requestId=null, sourceSystem=null, iccId=null, smdpName=null, msisdn=null, eid=null, reservationType=null, releaseFlag=true, orderId=null)Download Order Request Failed with URL http://localhost:8082/gsma/rsp2/es2plus/downloadOrder , status 400 BAD_REQUEST , headers null , response 
2023-10-04 11:50:47,984 ERROR c.n.e.s.TransformerServiceImpl.prepareEsimProfile [main] PrepareEsimProfileRequestDto(requestId=null, sourceSystem=null, iccId=null, smdpName=null, msisdn=null, eid=null, reservationType=null, releaseFlag=true, orderId=null)org.springframework.web.client.HttpClientErrorException: 400 BAD_REQUEST
	at com.nokia.esim.service.TransformerServiceImpl.sendDownloadOrderRequest(TransformerServiceImpl.java:521)
	at com.nokia.esim.service.TransformerServiceImpl.prepareEsimProfile(TransformerServiceImpl.java:168)
	at com.nokia.esim.service.TransformerServiceImpl.prepareEsimProfile(TransformerServiceImpl.java:148)
	at com.nokia.esim.service.TransformerServiceImplTest.lambda$testPrepareEsimProfile_DownloadOrderCallFailure$3(TransformerServiceImplTest.java:221)
	at org.junit.jupiter.api.AssertThrows.assertThrows(AssertThrows.java:55)
	at org.junit.jupiter.api.AssertThrows.assertThrows(AssertThrows.java:37)
	at org.junit.jupiter.api.Assertions.assertThrows(Assertions.java:3007)
	at com.nokia.esim.service.TransformerServiceImplTest.testPrepareEsimProfile_DownloadOrderCallFailure(TransformerServiceImplTest.java:220)
	at sun.reflect.NativeMethodAccessorImpl.invoke0(Native Method)
	at sun.reflect.NativeMethodAccessorImpl.invoke(NativeMethodAccessorImpl.java:62)
	at sun.reflect.DelegatingMethodAccessorImpl.invoke(DelegatingMethodAccessorImpl.java:43)
	at java.lang.reflect.Method.invoke(Method.java:498)
	at org.junit.platform.commons.util.ReflectionUtils.invokeMethod(ReflectionUtils.java:688)
	at org.junit.jupiter.engine.execution.MethodInvocation.proceed(MethodInvocation.java:60)
	at org.junit.jupiter.engine.execution.InvocationInterceptorChain$ValidatingInvocation.proceed(InvocationInterceptorChain.java:131)
	at org.junit.jupiter.engine.extension.TimeoutExtension.intercept(TimeoutExtension.java:149)
	at org.junit.jupiter.engine.extension.TimeoutExtension.interceptTestableMethod(TimeoutExtension.java:140)
	at org.junit.jupiter.engine.extension.TimeoutExtension.interceptTestMethod(TimeoutExtension.java:84)
	at org.junit.jupiter.engine.execution.ExecutableInvoker$ReflectiveInterceptorCall.lambda$ofVoidMethod$0(ExecutableInvoker.java:115)
	at org.junit.jupiter.engine.execution.ExecutableInvoker.lambda$invoke$0(ExecutableInvoker.java:105)
	at org.junit.jupiter.engine.execution.InvocationInterceptorChain$InterceptedInvocation.proceed(InvocationInterceptorChain.java:106)
	at org.junit.jupiter.engine.execution.InvocationInterceptorChain.proceed(InvocationInterceptorChain.java:64)
	at org.junit.jupiter.engine.execution.InvocationInterceptorChain.chainAndInvoke(InvocationInterceptorChain.java:45)
	at org.junit.jupiter.engine.execution.InvocationInterceptorChain.invoke(InvocationInterceptorChain.java:37)
	at org.junit.jupiter.engine.execution.ExecutableInvoker.invoke(ExecutableInvoker.java:104)
	at org.junit.jupiter.engine.execution.ExecutableInvoker.invoke(ExecutableInvoker.java:98)
	at org.junit.jupiter.engine.descriptor.TestMethodTestDescriptor.lambda$invokeTestMethod$6(TestMethodTestDescriptor.java:210)
	at org.junit.platform.engine.support.hierarchical.ThrowableCollector.execute(ThrowableCollector.java:73)
	at org.junit.jupiter.engine.descriptor.TestMethodTestDescriptor.invokeTestMethod(TestMethodTestDescriptor.java:206)
	at org.junit.jupiter.engine.descriptor.TestMethodTestDescriptor.execute(TestMethodTestDescriptor.java:131)
	at org.junit.jupiter.engine.descriptor.TestMethodTestDescriptor.execute(TestMethodTestDescriptor.java:65)
	at org.junit.platform.engine.support.hierarchical.NodeTestTask.lambda$executeRecursively$5(NodeTestTask.java:139)
	at org.junit.platform.engine.support.hierarchical.ThrowableCollector.execute(ThrowableCollector.java:73)
	at org.junit.platform.engine.support.hierarchical.NodeTestTask.lambda$executeRecursively$7(NodeTestTask.java:129)
	at org.junit.platform.engine.support.hierarchical.Node.around(Node.java:137)
	at org.junit.platform.engine.support.hierarchical.NodeTestTask.lambda$executeRecursively$8(NodeTestTask.java:127)
	at org.junit.platform.engine.support.hierarchical.ThrowableCollector.execute(ThrowableCollector.java:73)
	at org.junit.platform.engine.support.hierarchical.NodeTestTask.executeRecursively(NodeTestTask.java:126)
	at org.junit.platform.engine.support.hierarchical.NodeTestTask.execute(NodeTestTask.java:84)
	at java.util.ArrayList.forEach(ArrayList.java:1259)
	at org.junit.platform.engine.support.hierarchical.SameThreadHierarchicalTestExecutorService.invokeAll(SameThreadHierarchicalTestExecutorService.java:38)
	at org.junit.platform.engine.support.hierarchical.NodeTestTask.lambda$executeRecursively$5(NodeTestTask.java:143)
	at org.junit.platform.engine.support.hierarchical.ThrowableCollector.execute(ThrowableCollector.java:73)
	at org.junit.platform.engine.support.hierarchical.NodeTestTask.lambda$executeRecursively$7(NodeTestTask.java:129)
	at org.junit.platform.engine.support.hierarchical.Node.around(Node.java:137)
	at org.junit.platform.engine.support.hierarchical.NodeTestTask.lambda$executeRecursively$8(NodeTestTask.java:127)
	at org.junit.platform.engine.support.hierarchical.ThrowableCollector.execute(ThrowableCollector.java:73)
	at org.junit.platform.engine.support.hierarchical.NodeTestTask.executeRecursively(NodeTestTask.java:126)
	at org.junit.platform.engine.support.hierarchical.NodeTestTask.execute(NodeTestTask.java:84)
	at java.util.ArrayList.forEach(ArrayList.java:1259)
	at org.junit.platform.engine.support.hierarchical.SameThreadHierarchicalTestExecutorService.invokeAll(SameThreadHierarchicalTestExecutorService.java:38)
	at org.junit.platform.engine.support.hierarchical.NodeTestTask.lambda$executeRecursively$5(NodeTestTask.java:143)
	at org.junit.platform.engine.support.hierarchical.ThrowableCollector.execute(ThrowableCollector.java:73)
	at org.junit.platform.engine.support.hierarchical.NodeTestTask.lambda$executeRecursively$7(NodeTestTask.java:129)
	at org.junit.platform.engine.support.hierarchical.Node.around(Node.java:137)
	at org.junit.platform.engine.support.hierarchical.NodeTestTask.lambda$executeRecursively$8(NodeTestTask.java:127)
	at org.junit.platform.engine.support.hierarchical.ThrowableCollector.execute(ThrowableCollector.java:73)
	at org.junit.platform.engine.support.hierarchical.NodeTestTask.executeRecursively(NodeTestTask.java:126)
	at org.junit.platform.engine.support.hierarchical.NodeTestTask.execute(NodeTestTask.java:84)
	at org.junit.platform.engine.support.hierarchical.SameThreadHierarchicalTestExecutorService.submit(SameThreadHierarchicalTestExecutorService.java:32)
	at org.junit.platform.engine.support.hierarchical.HierarchicalTestExecutor.execute(HierarchicalTestExecutor.java:57)
	at org.junit.platform.engine.support.hierarchical.HierarchicalTestEngine.execute(HierarchicalTestEngine.java:51)
	at org.junit.platform.launcher.core.DefaultLauncher.execute(DefaultLauncher.java:220)
	at org.junit.platform.launcher.core.DefaultLauncher.lambda$execute$6(DefaultLauncher.java:188)
	at org.junit.platform.launcher.core.DefaultLauncher.withInterceptedStreams(DefaultLauncher.java:202)
	at org.junit.platform.launcher.core.DefaultLauncher.execute(DefaultLauncher.java:181)
	at org.junit.platform.launcher.core.DefaultLauncher.execute(DefaultLauncher.java:128)
	at org.apache.maven.surefire.junitplatform.JUnitPlatformProvider.invokeAllTests(JUnitPlatformProvider.java:150)
	at org.apache.maven.surefire.junitplatform.JUnitPlatformProvider.invoke(JUnitPlatformProvider.java:124)
	at org.apache.maven.surefire.booter.ForkedBooter.invokeProviderInSameClassLoader(ForkedBooter.java:384)
	at org.apache.maven.surefire.booter.ForkedBooter.runSuitesInProcess(ForkedBooter.java:345)
	at org.apache.maven.surefire.booter.ForkedBooter.execute(ForkedBooter.java:126)
	at org.apache.maven.surefire.booter.ForkedBooter.main(ForkedBooter.java:418)

2023-10-04 11:50:47,991 INFO c.n.e.s.TransformerServiceImpl.changeEsimProfileStatus [main] ChangeEsimProfileStatusRequestDto(requestId=null, sourceSystem=null, iccid=null, profileStatus=null, smdpName=null)Validating changeEsimProfileStatus Request
2023-10-04 11:50:47,992 INFO c.n.e.s.TransformerServiceImpl.sendGetPrimaryInfoByIccidRequest [main] ChangeEsimProfileStatusRequestDto(requestId=null, sourceSystem=null, iccid=null, profileStatus=null, smdpName=null)Sending GET request to ES for GetPrimaryInfoByIccid
2023-10-04 11:50:47,993 INFO c.n.e.s.TransformerServiceImpl.getTenantId [main] Failed to fetch Tenant ID using ES API
2023-10-04 11:50:47,994 INFO c.n.e.s.TransformerServiceImpl.getTenantId [main] java.lang.ClassCastException: com.nokia.esim.dto.GetPrimaryInfoByIccidResponseDto_Es cannot be cast to java.lang.String
	at com.nokia.esim.service.TransformerServiceImpl.getTenantId(TransformerServiceImpl.java:609)
	at com.nokia.esim.service.TransformerServiceImpl.changeEsimProfileStatus(TransformerServiceImpl.java:355)
	at com.nokia.esim.service.TransformerServiceImplTest.testChangeEsimProfileStatus_Success(TransformerServiceImplTest.java:386)
	at sun.reflect.NativeMethodAccessorImpl.invoke0(Native Method)
	at sun.reflect.NativeMethodAccessorImpl.invoke(NativeMethodAccessorImpl.java:62)
	at sun.reflect.DelegatingMethodAccessorImpl.invoke(DelegatingMethodAccessorImpl.java:43)
	at java.lang.reflect.Method.invoke(Method.java:498)
	at org.junit.platform.commons.util.ReflectionUtils.invokeMethod(ReflectionUtils.java:688)
	at org.junit.jupiter.engine.execution.MethodInvocation.proceed(MethodInvocation.java:60)
	at org.junit.jupiter.engine.execution.InvocationInterceptorChain$ValidatingInvocation.proceed(InvocationInterceptorChain.java:131)
	at org.junit.jupiter.engine.extension.TimeoutExtension.intercept(TimeoutExtension.java:149)
	at org.junit.jupiter.engine.extension.TimeoutExtension.interceptTestableMethod(TimeoutExtension.java:140)
	at org.junit.jupiter.engine.extension.TimeoutExtension.interceptTestMethod(TimeoutExtension.java:84)
	at org.junit.jupiter.engine.execution.ExecutableInvoker$ReflectiveInterceptorCall.lambda$ofVoidMethod$0(ExecutableInvoker.java:115)
	at org.junit.jupiter.engine.execution.ExecutableInvoker.lambda$invoke$0(ExecutableInvoker.java:105)
	at org.junit.jupiter.engine.execution.InvocationInterceptorChain$InterceptedInvocation.proceed(InvocationInterceptorChain.java:106)
	at org.junit.jupiter.engine.execution.InvocationInterceptorChain.proceed(InvocationInterceptorChain.java:64)
	at org.junit.jupiter.engine.execution.InvocationInterceptorChain.chainAndInvoke(InvocationInterceptorChain.java:45)
	at org.junit.jupiter.engine.execution.InvocationInterceptorChain.invoke(InvocationInterceptorChain.java:37)
	at org.junit.jupiter.engine.execution.ExecutableInvoker.invoke(ExecutableInvoker.java:104)
	at org.junit.jupiter.engine.execution.ExecutableInvoker.invoke(ExecutableInvoker.java:98)
	at org.junit.jupiter.engine.descriptor.TestMethodTestDescriptor.lambda$invokeTestMethod$6(TestMethodTestDescriptor.java:210)
	at org.junit.platform.engine.support.hierarchical.ThrowableCollector.execute(ThrowableCollector.java:73)
	at org.junit.jupiter.engine.descriptor.TestMethodTestDescriptor.invokeTestMethod(TestMethodTestDescriptor.java:206)
	at org.junit.jupiter.engine.descriptor.TestMethodTestDescriptor.execute(TestMethodTestDescriptor.java:131)
	at org.junit.jupiter.engine.descriptor.TestMethodTestDescriptor.execute(TestMethodTestDescriptor.java:65)
	at org.junit.platform.engine.support.hierarchical.NodeTestTask.lambda$executeRecursively$5(NodeTestTask.java:139)
	at org.junit.platform.engine.support.hierarchical.ThrowableCollector.execute(ThrowableCollector.java:73)
	at org.junit.platform.engine.support.hierarchical.NodeTestTask.lambda$executeRecursively$7(NodeTestTask.java:129)
	at org.junit.platform.engine.support.hierarchical.Node.around(Node.java:137)
	at org.junit.platform.engine.support.hierarchical.NodeTestTask.lambda$executeRecursively$8(NodeTestTask.java:127)
	at org.junit.platform.engine.support.hierarchical.ThrowableCollector.execute(ThrowableCollector.java:73)
	at org.junit.platform.engine.support.hierarchical.NodeTestTask.executeRecursively(NodeTestTask.java:126)
	at org.junit.platform.engine.support.hierarchical.NodeTestTask.execute(NodeTestTask.java:84)
	at java.util.ArrayList.forEach(ArrayList.java:1259)
	at org.junit.platform.engine.support.hierarchical.SameThreadHierarchicalTestExecutorService.invokeAll(SameThreadHierarchicalTestExecutorService.java:38)
	at org.junit.platform.engine.support.hierarchical.NodeTestTask.lambda$executeRecursively$5(NodeTestTask.java:143)
	at org.junit.platform.engine.support.hierarchical.ThrowableCollector.execute(ThrowableCollector.java:73)
	at org.junit.platform.engine.support.hierarchical.NodeTestTask.lambda$executeRecursively$7(NodeTestTask.java:129)
	at org.junit.platform.engine.support.hierarchical.Node.around(Node.java:137)
	at org.junit.platform.engine.support.hierarchical.NodeTestTask.lambda$executeRecursively$8(NodeTestTask.java:127)
	at org.junit.platform.engine.support.hierarchical.ThrowableCollector.execute(ThrowableCollector.java:73)
	at org.junit.platform.engine.support.hierarchical.NodeTestTask.executeRecursively(NodeTestTask.java:126)
	at org.junit.platform.engine.support.hierarchical.NodeTestTask.execute(NodeTestTask.java:84)
	at java.util.ArrayList.forEach(ArrayList.java:1259)
	at org.junit.platform.engine.support.hierarchical.SameThreadHierarchicalTestExecutorService.invokeAll(SameThreadHierarchicalTestExecutorService.java:38)
	at org.junit.platform.engine.support.hierarchical.NodeTestTask.lambda$executeRecursively$5(NodeTestTask.java:143)
	at org.junit.platform.engine.support.hierarchical.ThrowableCollector.execute(ThrowableCollector.java:73)
	at org.junit.platform.engine.support.hierarchical.NodeTestTask.lambda$executeRecursively$7(NodeTestTask.java:129)
	at org.junit.platform.engine.support.hierarchical.Node.around(Node.java:137)
	at org.junit.platform.engine.support.hierarchical.NodeTestTask.lambda$executeRecursively$8(NodeTestTask.java:127)
	at org.junit.platform.engine.support.hierarchical.ThrowableCollector.execute(ThrowableCollector.java:73)
	at org.junit.platform.engine.support.hierarchical.NodeTestTask.executeRecursively(NodeTestTask.java:126)
	at org.junit.platform.engine.support.hierarchical.NodeTestTask.execute(NodeTestTask.java:84)
	at org.junit.platform.engine.support.hierarchical.SameThreadHierarchicalTestExecutorService.submit(SameThreadHierarchicalTestExecutorService.java:32)
	at org.junit.platform.engine.support.hierarchical.HierarchicalTestExecutor.execute(HierarchicalTestExecutor.java:57)
	at org.junit.platform.engine.support.hierarchical.HierarchicalTestEngine.execute(HierarchicalTestEngine.java:51)
	at org.junit.platform.launcher.core.DefaultLauncher.execute(DefaultLauncher.java:220)
	at org.junit.platform.launcher.core.DefaultLauncher.lambda$execute$6(DefaultLauncher.java:188)
	at org.junit.platform.launcher.core.DefaultLauncher.withInterceptedStreams(DefaultLauncher.java:202)
	at org.junit.platform.launcher.core.DefaultLauncher.execute(DefaultLauncher.java:181)
	at org.junit.platform.launcher.core.DefaultLauncher.execute(DefaultLauncher.java:128)
	at org.apache.maven.surefire.junitplatform.JUnitPlatformProvider.invokeAllTests(JUnitPlatformProvider.java:150)
	at org.apache.maven.surefire.junitplatform.JUnitPlatformProvider.invoke(JUnitPlatformProvider.java:124)
	at org.apache.maven.surefire.booter.ForkedBooter.invokeProviderInSameClassLoader(ForkedBooter.java:384)
	at org.apache.maven.surefire.booter.ForkedBooter.runSuitesInProcess(ForkedBooter.java:345)
	at org.apache.maven.surefire.booter.ForkedBooter.execute(ForkedBooter.java:126)
	at org.apache.maven.surefire.booter.ForkedBooter.main(ForkedBooter.java:418)

2023-10-04 11:50:47,995 INFO c.n.e.s.TransformerServiceImpl.changeEsimProfileStatus [main] ChangeEsimProfileStatusRequestDto(requestId=null, sourceSystem=null, iccid=null, profileStatus=null, smdpName=null)TenantId is :: 
2023-10-04 11:50:48,006 INFO c.n.e.s.TransformerServiceImpl.prepareEsimProfile [main] PrepareEsimProfileRequestDto(requestId=null, sourceSystem=null, iccId=null, smdpName=null, msisdn=null, eid=null, reservationType=null, releaseFlag=true, orderId=null)Validating PrepareEsimProfile Request
2023-10-04 11:50:48,006 INFO c.n.e.s.TransformerServiceImpl.prepareEsimProfile [main] PrepareEsimProfileRequestDto(requestId=null, sourceSystem=null, iccId=null, smdpName=null, msisdn=null, eid=null, reservationType=null, releaseFlag=true, orderId=null)Sending Download Order request
2023-10-04 11:50:48,007 ERROR c.n.e.s.TransformerServiceImpl.prepareEsimProfile [main] PrepareEsimProfileRequestDto(requestId=null, sourceSystem=null, iccId=null, smdpName=null, msisdn=null, eid=null, reservationType=null, releaseFlag=true, orderId=null)sendPostRequest failed for URL:http://localhost:8082/gsma/rsp2/es2plus/downloadOrder
2023-10-04 11:50:48,008 ERROR c.n.e.s.TransformerServiceImpl.prepareEsimProfile [main] PrepareEsimProfileRequestDto(requestId=null, sourceSystem=null, iccId=null, smdpName=null, msisdn=null, eid=null, reservationType=null, releaseFlag=true, orderId=null)java.lang.RuntimeException
	at com.nokia.esim.service.TransformerServiceImpl.sendDownloadOrderRequest(TransformerServiceImpl.java:521)
	at com.nokia.esim.service.TransformerServiceImpl.prepareEsimProfile(TransformerServiceImpl.java:168)
	at com.nokia.esim.service.TransformerServiceImpl.prepareEsimProfile(TransformerServiceImpl.java:148)
	at com.nokia.esim.service.TransformerServiceImplTest.lambda$testPrepareEsimProfile_DownloadOrderCallFailure_Ex$4(TransformerServiceImplTest.java:238)
	at org.junit.jupiter.api.AssertThrows.assertThrows(AssertThrows.java:55)
	at org.junit.jupiter.api.AssertThrows.assertThrows(AssertThrows.java:37)
	at org.junit.jupiter.api.Assertions.assertThrows(Assertions.java:3007)
	at com.nokia.esim.service.TransformerServiceImplTest.testPrepareEsimProfile_DownloadOrderCallFailure_Ex(TransformerServiceImplTest.java:237)
	at sun.reflect.NativeMethodAccessorImpl.invoke0(Native Method)
	at sun.reflect.NativeMethodAccessorImpl.invoke(NativeMethodAccessorImpl.java:62)
	at sun.reflect.DelegatingMethodAccessorImpl.invoke(DelegatingMethodAccessorImpl.java:43)
	at java.lang.reflect.Method.invoke(Method.java:498)
	at org.junit.platform.commons.util.ReflectionUtils.invokeMethod(ReflectionUtils.java:688)
	at org.junit.jupiter.engine.execution.MethodInvocation.proceed(MethodInvocation.java:60)
	at org.junit.jupiter.engine.execution.InvocationInterceptorChain$ValidatingInvocation.proceed(InvocationInterceptorChain.java:131)
	at org.junit.jupiter.engine.extension.TimeoutExtension.intercept(TimeoutExtension.java:149)
	at org.junit.jupiter.engine.extension.TimeoutExtension.interceptTestableMethod(TimeoutExtension.java:140)
	at org.junit.jupiter.engine.extension.TimeoutExtension.interceptTestMethod(TimeoutExtension.java:84)
	at org.junit.jupiter.engine.execution.ExecutableInvoker$ReflectiveInterceptorCall.lambda$ofVoidMethod$0(ExecutableInvoker.java:115)
	at org.junit.jupiter.engine.execution.ExecutableInvoker.lambda$invoke$0(ExecutableInvoker.java:105)
	at org.junit.jupiter.engine.execution.InvocationInterceptorChain$InterceptedInvocation.proceed(InvocationInterceptorChain.java:106)
	at org.junit.jupiter.engine.execution.InvocationInterceptorChain.proceed(InvocationInterceptorChain.java:64)
	at org.junit.jupiter.engine.execution.InvocationInterceptorChain.chainAndInvoke(InvocationInterceptorChain.java:45)
	at org.junit.jupiter.engine.execution.InvocationInterceptorChain.invoke(InvocationInterceptorChain.java:37)
	at org.junit.jupiter.engine.execution.ExecutableInvoker.invoke(ExecutableInvoker.java:104)
	at org.junit.jupiter.engine.execution.ExecutableInvoker.invoke(ExecutableInvoker.java:98)
	at org.junit.jupiter.engine.descriptor.TestMethodTestDescriptor.lambda$invokeTestMethod$6(TestMethodTestDescriptor.java:210)
	at org.junit.platform.engine.support.hierarchical.ThrowableCollector.execute(ThrowableCollector.java:73)
	at org.junit.jupiter.engine.descriptor.TestMethodTestDescriptor.invokeTestMethod(TestMethodTestDescriptor.java:206)
	at org.junit.jupiter.engine.descriptor.TestMethodTestDescriptor.execute(TestMethodTestDescriptor.java:131)
	at org.junit.jupiter.engine.descriptor.TestMethodTestDescriptor.execute(TestMethodTestDescriptor.java:65)
	at org.junit.platform.engine.support.hierarchical.NodeTestTask.lambda$executeRecursively$5(NodeTestTask.java:139)
	at org.junit.platform.engine.support.hierarchical.ThrowableCollector.execute(ThrowableCollector.java:73)
	at org.junit.platform.engine.support.hierarchical.NodeTestTask.lambda$executeRecursively$7(NodeTestTask.java:129)
	at org.junit.platform.engine.support.hierarchical.Node.around(Node.java:137)
	at org.junit.platform.engine.support.hierarchical.NodeTestTask.lambda$executeRecursively$8(NodeTestTask.java:127)
	at org.junit.platform.engine.support.hierarchical.ThrowableCollector.execute(ThrowableCollector.java:73)
	at org.junit.platform.engine.support.hierarchical.NodeTestTask.executeRecursively(NodeTestTask.java:126)
	at org.junit.platform.engine.support.hierarchical.NodeTestTask.execute(NodeTestTask.java:84)
	at java.util.ArrayList.forEach(ArrayList.java:1259)
	at org.junit.platform.engine.support.hierarchical.SameThreadHierarchicalTestExecutorService.invokeAll(SameThreadHierarchicalTestExecutorService.java:38)
	at org.junit.platform.engine.support.hierarchical.NodeTestTask.lambda$executeRecursively$5(NodeTestTask.java:143)
	at org.junit.platform.engine.support.hierarchical.ThrowableCollector.execute(ThrowableCollector.java:73)
	at org.junit.platform.engine.support.hierarchical.NodeTestTask.lambda$executeRecursively$7(NodeTestTask.java:129)
	at org.junit.platform.engine.support.hierarchical.Node.around(Node.java:137)
	at org.junit.platform.engine.support.hierarchical.NodeTestTask.lambda$executeRecursively$8(NodeTestTask.java:127)
	at org.junit.platform.engine.support.hierarchical.ThrowableCollector.execute(ThrowableCollector.java:73)
	at org.junit.platform.engine.support.hierarchical.NodeTestTask.executeRecursively(NodeTestTask.java:126)
	at org.junit.platform.engine.support.hierarchical.NodeTestTask.execute(NodeTestTask.java:84)
	at java.util.ArrayList.forEach(ArrayList.java:1259)
	at org.junit.platform.engine.support.hierarchical.SameThreadHierarchicalTestExecutorService.invokeAll(SameThreadHierarchicalTestExecutorService.java:38)
	at org.junit.platform.engine.support.hierarchical.NodeTestTask.lambda$executeRecursively$5(NodeTestTask.java:143)
	at org.junit.platform.engine.support.hierarchical.ThrowableCollector.execute(ThrowableCollector.java:73)
	at org.junit.platform.engine.support.hierarchical.NodeTestTask.lambda$executeRecursively$7(NodeTestTask.java:129)
	at org.junit.platform.engine.support.hierarchical.Node.around(Node.java:137)
	at org.junit.platform.engine.support.hierarchical.NodeTestTask.lambda$executeRecursively$8(NodeTestTask.java:127)
	at org.junit.platform.engine.support.hierarchical.ThrowableCollector.execute(ThrowableCollector.java:73)
	at org.junit.platform.engine.support.hierarchical.NodeTestTask.executeRecursively(NodeTestTask.java:126)
	at org.junit.platform.engine.support.hierarchical.NodeTestTask.execute(NodeTestTask.java:84)
	at org.junit.platform.engine.support.hierarchical.SameThreadHierarchicalTestExecutorService.submit(SameThreadHierarchicalTestExecutorService.java:32)
	at org.junit.platform.engine.support.hierarchical.HierarchicalTestExecutor.execute(HierarchicalTestExecutor.java:57)
	at org.junit.platform.engine.support.hierarchical.HierarchicalTestEngine.execute(HierarchicalTestEngine.java:51)
	at org.junit.platform.launcher.core.DefaultLauncher.execute(DefaultLauncher.java:220)
	at org.junit.platform.launcher.core.DefaultLauncher.lambda$execute$6(DefaultLauncher.java:188)
	at org.junit.platform.launcher.core.DefaultLauncher.withInterceptedStreams(DefaultLauncher.java:202)
	at org.junit.platform.launcher.core.DefaultLauncher.execute(DefaultLauncher.java:181)
	at org.junit.platform.launcher.core.DefaultLauncher.execute(DefaultLauncher.java:128)
	at org.apache.maven.surefire.junitplatform.JUnitPlatformProvider.invokeAllTests(JUnitPlatformProvider.java:150)
	at org.apache.maven.surefire.junitplatform.JUnitPlatformProvider.invoke(JUnitPlatformProvider.java:124)
	at org.apache.maven.surefire.booter.ForkedBooter.invokeProviderInSameClassLoader(ForkedBooter.java:384)
	at org.apache.maven.surefire.booter.ForkedBooter.runSuitesInProcess(ForkedBooter.java:345)
	at org.apache.maven.surefire.booter.ForkedBooter.execute(ForkedBooter.java:126)
	at org.apache.maven.surefire.booter.ForkedBooter.main(ForkedBooter.java:418)

2023-10-04 11:50:48,016 INFO c.n.e.s.TransformerServiceImpl.changeEsimProfileStatus [main] ChangeEsimProfileStatusRequestDto(requestId=null, sourceSystem=null, iccid=null, profileStatus=null, smdpName=null)Validating changeEsimProfileStatus Request
2023-10-04 11:50:48,017 INFO c.n.e.s.TransformerServiceImpl.sendGetPrimaryInfoByIccidRequest [main] ChangeEsimProfileStatusRequestDto(requestId=null, sourceSystem=null, iccid=null, profileStatus=null, smdpName=null)Sending GET request to ES for GetPrimaryInfoByIccid
2023-10-04 11:50:48,018 INFO c.n.e.s.TransformerServiceImpl.changeEsimProfileStatus [main] ChangeEsimProfileStatusRequestDto(requestId=null, sourceSystem=null, iccid=null, profileStatus=null, smdpName=null)Cancel Order Request Failed with URL http://localhost:8082/gsma/rsp2/es2plus/cancelOrder , status 200 , response {"error_message":"Invalid Association","header":{"functionExecutionStatus":{"status":"Failed","statusCodeData":{"subjectIdentifier":"ProfileICCID","reasonCode":"3.9","message":"Invalid Association","subjectCode":"8.2.1"}}},"error_code":10061}
2023-10-04 11:50:48,026 INFO c.n.e.s.TransformerServiceImpl.prepareEsimProfile [main] PrepareEsimProfileRequestDto(requestId=null, sourceSystem=null, iccId=null, smdpName=null, msisdn=null, eid=null, reservationType=null, releaseFlag=false, orderId=null)Validating PrepareEsimProfile Request
2023-10-04 11:50:48,027 INFO c.n.e.s.TransformerServiceImpl.prepareEsimProfile [main] PrepareEsimProfileRequestDto(requestId=null, sourceSystem=null, iccId=null, smdpName=null, msisdn=null, eid=null, reservationType=null, releaseFlag=false, orderId=null)Sending Download Order request
2023-10-04 11:50:48,027 INFO c.n.e.s.TransformerServiceImpl.prepareEsimProfile [main] PrepareEsimProfileRequestDto(requestId=null, sourceSystem=null, iccId=null, smdpName=null, msisdn=null, eid=null, reservationType=null, releaseFlag=false, orderId=null)Download Order Request Failed with URL http://localhost:8082/gsma/rsp2/es2plus/downloadOrder , status 200 , response {"iccid":"8961026023401154361F","header":{"functionExecutionStatus":{"status":"Failed","statusCodeData":{"subjectIdentifier":"","reasonCode":"3.9.6.2","message":"header","subjectCode":"8.2.1"}}}}
2023-10-04 11:50:48,028 INFO c.n.e.s.TransformerServiceImpl.prepareEsimProfile [main] PrepareEsimProfileRequestDto(requestId=null, sourceSystem=null, iccId=null, smdpName=null, msisdn=null, eid=null, reservationType=null, releaseFlag=false, orderId=null)Sending AddOrUpdatePrimaryInfo Request to ES
2023-10-04 11:50:48,034 INFO c.n.e.s.TransformerServiceImpl.unlinkAndReserveProfile [main] UnlinkAndReserveProfileRequestDto(requestId=null, sourceSystem=null, iccid=null, smdpName=null, msisdn=null, eid=1234, orderId=null, releaseFlag=true)Validating unlinkAndReserveProfile Request
2023-10-04 11:50:48,035 ERROR c.n.e.s.TransformerServiceImpl.unlinkAndReserveProfile [main] UnlinkAndReserveProfileRequestDto(requestId=null, sourceSystem=null, iccid=null, smdpName=null, msisdn=null, eid=1234, orderId=null, releaseFlag=true)sendPostRequest failed for URL:http://localhost:8082/gsma/rsp2/es2plus/cancelOrder
2023-10-04 11:50:48,035 ERROR c.n.e.s.TransformerServiceImpl.unlinkAndReserveProfile [main] UnlinkAndReserveProfileRequestDto(requestId=null, sourceSystem=null, iccid=null, smdpName=null, msisdn=null, eid=1234, orderId=null, releaseFlag=true)java.lang.RuntimeException
	at com.nokia.esim.service.TransformerServiceImpl.sendCancelOrderRequest(TransformerServiceImpl.java:571)
	at com.nokia.esim.service.TransformerServiceImpl.unlinkAndReserveProfile(TransformerServiceImpl.java:397)
	at com.nokia.esim.service.TransformerServiceImplTest.lambda$testUnlinkAndReserveProfile_CancelOrderCallFailure_Ex$10(TransformerServiceImplTest.java:600)
	at org.junit.jupiter.api.AssertThrows.assertThrows(AssertThrows.java:55)
	at org.junit.jupiter.api.AssertThrows.assertThrows(AssertThrows.java:37)
	at org.junit.jupiter.api.Assertions.assertThrows(Assertions.java:3007)
	at com.nokia.esim.service.TransformerServiceImplTest.testUnlinkAndReserveProfile_CancelOrderCallFailure_Ex(TransformerServiceImplTest.java:599)
	at sun.reflect.NativeMethodAccessorImpl.invoke0(Native Method)
	at sun.reflect.NativeMethodAccessorImpl.invoke(NativeMethodAccessorImpl.java:62)
	at sun.reflect.DelegatingMethodAccessorImpl.invoke(DelegatingMethodAccessorImpl.java:43)
	at java.lang.reflect.Method.invoke(Method.java:498)
	at org.junit.platform.commons.util.ReflectionUtils.invokeMethod(ReflectionUtils.java:688)
	at org.junit.jupiter.engine.execution.MethodInvocation.proceed(MethodInvocation.java:60)
	at org.junit.jupiter.engine.execution.InvocationInterceptorChain$ValidatingInvocation.proceed(InvocationInterceptorChain.java:131)
	at org.junit.jupiter.engine.extension.TimeoutExtension.intercept(TimeoutExtension.java:149)
	at org.junit.jupiter.engine.extension.TimeoutExtension.interceptTestableMethod(TimeoutExtension.java:140)
	at org.junit.jupiter.engine.extension.TimeoutExtension.interceptTestMethod(TimeoutExtension.java:84)
	at org.junit.jupiter.engine.execution.ExecutableInvoker$ReflectiveInterceptorCall.lambda$ofVoidMethod$0(ExecutableInvoker.java:115)
	at org.junit.jupiter.engine.execution.ExecutableInvoker.lambda$invoke$0(ExecutableInvoker.java:105)
	at org.junit.jupiter.engine.execution.InvocationInterceptorChain$InterceptedInvocation.proceed(InvocationInterceptorChain.java:106)
	at org.junit.jupiter.engine.execution.InvocationInterceptorChain.proceed(InvocationInterceptorChain.java:64)
	at org.junit.jupiter.engine.execution.InvocationInterceptorChain.chainAndInvoke(InvocationInterceptorChain.java:45)
	at org.junit.jupiter.engine.execution.InvocationInterceptorChain.invoke(InvocationInterceptorChain.java:37)
	at org.junit.jupiter.engine.execution.ExecutableInvoker.invoke(ExecutableInvoker.java:104)
	at org.junit.jupiter.engine.execution.ExecutableInvoker.invoke(ExecutableInvoker.java:98)
	at org.junit.jupiter.engine.descriptor.TestMethodTestDescriptor.lambda$invokeTestMethod$6(TestMethodTestDescriptor.java:210)
	at org.junit.platform.engine.support.hierarchical.ThrowableCollector.execute(ThrowableCollector.java:73)
	at org.junit.jupiter.engine.descriptor.TestMethodTestDescriptor.invokeTestMethod(TestMethodTestDescriptor.java:206)
	at org.junit.jupiter.engine.descriptor.TestMethodTestDescriptor.execute(TestMethodTestDescriptor.java:131)
	at org.junit.jupiter.engine.descriptor.TestMethodTestDescriptor.execute(TestMethodTestDescriptor.java:65)
	at org.junit.platform.engine.support.hierarchical.NodeTestTask.lambda$executeRecursively$5(NodeTestTask.java:139)
	at org.junit.platform.engine.support.hierarchical.ThrowableCollector.execute(ThrowableCollector.java:73)
	at org.junit.platform.engine.support.hierarchical.NodeTestTask.lambda$executeRecursively$7(NodeTestTask.java:129)
	at org.junit.platform.engine.support.hierarchical.Node.around(Node.java:137)
	at org.junit.platform.engine.support.hierarchical.NodeTestTask.lambda$executeRecursively$8(NodeTestTask.java:127)
	at org.junit.platform.engine.support.hierarchical.ThrowableCollector.execute(ThrowableCollector.java:73)
	at org.junit.platform.engine.support.hierarchical.NodeTestTask.executeRecursively(NodeTestTask.java:126)
	at org.junit.platform.engine.support.hierarchical.NodeTestTask.execute(NodeTestTask.java:84)
	at java.util.ArrayList.forEach(ArrayList.java:1259)
	at org.junit.platform.engine.support.hierarchical.SameThreadHierarchicalTestExecutorService.invokeAll(SameThreadHierarchicalTestExecutorService.java:38)
	at org.junit.platform.engine.support.hierarchical.NodeTestTask.lambda$executeRecursively$5(NodeTestTask.java:143)
	at org.junit.platform.engine.support.hierarchical.ThrowableCollector.execute(ThrowableCollector.java:73)
	at org.junit.platform.engine.support.hierarchical.NodeTestTask.lambda$executeRecursively$7(NodeTestTask.java:129)
	at org.junit.platform.engine.support.hierarchical.Node.around(Node.java:137)
	at org.junit.platform.engine.support.hierarchical.NodeTestTask.lambda$executeRecursively$8(NodeTestTask.java:127)
	at org.junit.platform.engine.support.hierarchical.ThrowableCollector.execute(ThrowableCollector.java:73)
	at org.junit.platform.engine.support.hierarchical.NodeTestTask.executeRecursively(NodeTestTask.java:126)
	at org.junit.platform.engine.support.hierarchical.NodeTestTask.execute(NodeTestTask.java:84)
	at java.util.ArrayList.forEach(ArrayList.java:1259)
	at org.junit.platform.engine.support.hierarchical.SameThreadHierarchicalTestExecutorService.invokeAll(SameThreadHierarchicalTestExecutorService.java:38)
	at org.junit.platform.engine.support.hierarchical.NodeTestTask.lambda$executeRecursively$5(NodeTestTask.java:143)
	at org.junit.platform.engine.support.hierarchical.ThrowableCollector.execute(ThrowableCollector.java:73)
	at org.junit.platform.engine.support.hierarchical.NodeTestTask.lambda$executeRecursively$7(NodeTestTask.java:129)
	at org.junit.platform.engine.support.hierarchical.Node.around(Node.java:137)
	at org.junit.platform.engine.support.hierarchical.NodeTestTask.lambda$executeRecursively$8(NodeTestTask.java:127)
	at org.junit.platform.engine.support.hierarchical.ThrowableCollector.execute(ThrowableCollector.java:73)
	at org.junit.platform.engine.support.hierarchical.NodeTestTask.executeRecursively(NodeTestTask.java:126)
	at org.junit.platform.engine.support.hierarchical.NodeTestTask.execute(NodeTestTask.java:84)
	at org.junit.platform.engine.support.hierarchical.SameThreadHierarchicalTestExecutorService.submit(SameThreadHierarchicalTestExecutorService.java:32)
	at org.junit.platform.engine.support.hierarchical.HierarchicalTestExecutor.execute(HierarchicalTestExecutor.java:57)
	at org.junit.platform.engine.support.hierarchical.HierarchicalTestEngine.execute(HierarchicalTestEngine.java:51)
	at org.junit.platform.launcher.core.DefaultLauncher.execute(DefaultLauncher.java:220)
	at org.junit.platform.launcher.core.DefaultLauncher.lambda$execute$6(DefaultLauncher.java:188)
	at org.junit.platform.launcher.core.DefaultLauncher.withInterceptedStreams(DefaultLauncher.java:202)
	at org.junit.platform.launcher.core.DefaultLauncher.execute(DefaultLauncher.java:181)
	at org.junit.platform.launcher.core.DefaultLauncher.execute(DefaultLauncher.java:128)
	at org.apache.maven.surefire.junitplatform.JUnitPlatformProvider.invokeAllTests(JUnitPlatformProvider.java:150)
	at org.apache.maven.surefire.junitplatform.JUnitPlatformProvider.invoke(JUnitPlatformProvider.java:124)
	at org.apache.maven.surefire.booter.ForkedBooter.invokeProviderInSameClassLoader(ForkedBooter.java:384)
	at org.apache.maven.surefire.booter.ForkedBooter.runSuitesInProcess(ForkedBooter.java:345)
	at org.apache.maven.surefire.booter.ForkedBooter.execute(ForkedBooter.java:126)
	at org.apache.maven.surefire.booter.ForkedBooter.main(ForkedBooter.java:418)

2023-10-04 11:50:48,041 INFO c.n.e.s.TransformerServiceImpl.getEsimProfileStatus [main] GetEsimProfileStatusRequestDto(requestId=null, sourceSystem=null, iccid=null, smdpName=null)Validating GetEsimProfileStatus Request
2023-10-04 11:50:48,041 INFO c.n.e.s.TransformerServiceImpl.getEsimProfileStatus [main] GetEsimProfileStatusRequestDto(requestId=null, sourceSystem=null, iccid=null, smdpName=null)Sending GET request to ES for GetProfileStatusInfoByPrimaryIccid
2023-10-04 11:50:48,042 INFO c.n.e.s.TransformerServiceImpl.getEsimProfileStatus [main] GetEsimProfileStatusRequestDto(requestId=null, sourceSystem=null, iccid=null, smdpName=null)sendGetRequest failed for GetProfileStatusInfoByPrimaryIccid with URL http://localhost:8080/subscriber-repository/subscription/getProfileStatusInfoByPrimaryIccid/null , status 400 BAD_REQUEST , headers null , response 
2023-10-04 11:50:48,042 ERROR c.n.e.s.TransformerServiceImpl.getEsimProfileStatus [main] GetEsimProfileStatusRequestDto(requestId=null, sourceSystem=null, iccid=null, smdpName=null)org.springframework.web.client.HttpClientErrorException: 400 BAD_REQUEST
	at com.nokia.esim.service.TransformerServiceImpl.getEsimProfileStatus(TransformerServiceImpl.java:109)
	at com.nokia.esim.service.TransformerServiceImplTest.lambda$testGetEsimProfileStatus_HttpClientErrorException$1(TransformerServiceImplTest.java:99)
	at org.junit.jupiter.api.AssertThrows.assertThrows(AssertThrows.java:55)
	at org.junit.jupiter.api.AssertThrows.assertThrows(AssertThrows.java:37)
	at org.junit.jupiter.api.Assertions.assertThrows(Assertions.java:3007)
	at com.nokia.esim.service.TransformerServiceImplTest.testGetEsimProfileStatus_HttpClientErrorException(TransformerServiceImplTest.java:98)
	at sun.reflect.NativeMethodAccessorImpl.invoke0(Native Method)
	at sun.reflect.NativeMethodAccessorImpl.invoke(NativeMethodAccessorImpl.java:62)
	at sun.reflect.DelegatingMethodAccessorImpl.invoke(DelegatingMethodAccessorImpl.java:43)
	at java.lang.reflect.Method.invoke(Method.java:498)
	at org.junit.platform.commons.util.ReflectionUtils.invokeMethod(ReflectionUtils.java:688)
	at org.junit.jupiter.engine.execution.MethodInvocation.proceed(MethodInvocation.java:60)
	at org.junit.jupiter.engine.execution.InvocationInterceptorChain$ValidatingInvocation.proceed(InvocationInterceptorChain.java:131)
	at org.junit.jupiter.engine.extension.TimeoutExtension.intercept(TimeoutExtension.java:149)
	at org.junit.jupiter.engine.extension.TimeoutExtension.interceptTestableMethod(TimeoutExtension.java:140)
	at org.junit.jupiter.engine.extension.TimeoutExtension.interceptTestMethod(TimeoutExtension.java:84)
	at org.junit.jupiter.engine.execution.ExecutableInvoker$ReflectiveInterceptorCall.lambda$ofVoidMethod$0(ExecutableInvoker.java:115)
	at org.junit.jupiter.engine.execution.ExecutableInvoker.lambda$invoke$0(ExecutableInvoker.java:105)
	at org.junit.jupiter.engine.execution.InvocationInterceptorChain$InterceptedInvocation.proceed(InvocationInterceptorChain.java:106)
	at org.junit.jupiter.engine.execution.InvocationInterceptorChain.proceed(InvocationInterceptorChain.java:64)
	at org.junit.jupiter.engine.execution.InvocationInterceptorChain.chainAndInvoke(InvocationInterceptorChain.java:45)
	at org.junit.jupiter.engine.execution.InvocationInterceptorChain.invoke(InvocationInterceptorChain.java:37)
	at org.junit.jupiter.engine.execution.ExecutableInvoker.invoke(ExecutableInvoker.java:104)
	at org.junit.jupiter.engine.execution.ExecutableInvoker.invoke(ExecutableInvoker.java:98)
	at org.junit.jupiter.engine.descriptor.TestMethodTestDescriptor.lambda$invokeTestMethod$6(TestMethodTestDescriptor.java:210)
	at org.junit.platform.engine.support.hierarchical.ThrowableCollector.execute(ThrowableCollector.java:73)
	at org.junit.jupiter.engine.descriptor.TestMethodTestDescriptor.invokeTestMethod(TestMethodTestDescriptor.java:206)
	at org.junit.jupiter.engine.descriptor.TestMethodTestDescriptor.execute(TestMethodTestDescriptor.java:131)
	at org.junit.jupiter.engine.descriptor.TestMethodTestDescriptor.execute(TestMethodTestDescriptor.java:65)
	at org.junit.platform.engine.support.hierarchical.NodeTestTask.lambda$executeRecursively$5(NodeTestTask.java:139)
	at org.junit.platform.engine.support.hierarchical.ThrowableCollector.execute(ThrowableCollector.java:73)
	at org.junit.platform.engine.support.hierarchical.NodeTestTask.lambda$executeRecursively$7(NodeTestTask.java:129)
	at org.junit.platform.engine.support.hierarchical.Node.around(Node.java:137)
	at org.junit.platform.engine.support.hierarchical.NodeTestTask.lambda$executeRecursively$8(NodeTestTask.java:127)
	at org.junit.platform.engine.support.hierarchical.ThrowableCollector.execute(ThrowableCollector.java:73)
	at org.junit.platform.engine.support.hierarchical.NodeTestTask.executeRecursively(NodeTestTask.java:126)
	at org.junit.platform.engine.support.hierarchical.NodeTestTask.execute(NodeTestTask.java:84)
	at java.util.ArrayList.forEach(ArrayList.java:1259)
	at org.junit.platform.engine.support.hierarchical.SameThreadHierarchicalTestExecutorService.invokeAll(SameThreadHierarchicalTestExecutorService.java:38)
	at org.junit.platform.engine.support.hierarchical.NodeTestTask.lambda$executeRecursively$5(NodeTestTask.java:143)
	at org.junit.platform.engine.support.hierarchical.ThrowableCollector.execute(ThrowableCollector.java:73)
	at org.junit.platform.engine.support.hierarchical.NodeTestTask.lambda$executeRecursively$7(NodeTestTask.java:129)
	at org.junit.platform.engine.support.hierarchical.Node.around(Node.java:137)
	at org.junit.platform.engine.support.hierarchical.NodeTestTask.lambda$executeRecursively$8(NodeTestTask.java:127)
	at org.junit.platform.engine.support.hierarchical.ThrowableCollector.execute(ThrowableCollector.java:73)
	at org.junit.platform.engine.support.hierarchical.NodeTestTask.executeRecursively(NodeTestTask.java:126)
	at org.junit.platform.engine.support.hierarchical.NodeTestTask.execute(NodeTestTask.java:84)
	at java.util.ArrayList.forEach(ArrayList.java:1259)
	at org.junit.platform.engine.support.hierarchical.SameThreadHierarchicalTestExecutorService.invokeAll(SameThreadHierarchicalTestExecutorService.java:38)
	at org.junit.platform.engine.support.hierarchical.NodeTestTask.lambda$executeRecursively$5(NodeTestTask.java:143)
	at org.junit.platform.engine.support.hierarchical.ThrowableCollector.execute(ThrowableCollector.java:73)
	at org.junit.platform.engine.support.hierarchical.NodeTestTask.lambda$executeRecursively$7(NodeTestTask.java:129)
	at org.junit.platform.engine.support.hierarchical.Node.around(Node.java:137)
	at org.junit.platform.engine.support.hierarchical.NodeTestTask.lambda$executeRecursively$8(NodeTestTask.java:127)
	at org.junit.platform.engine.support.hierarchical.ThrowableCollector.execute(ThrowableCollector.java:73)
	at org.junit.platform.engine.support.hierarchical.NodeTestTask.executeRecursively(NodeTestTask.java:126)
	at org.junit.platform.engine.support.hierarchical.NodeTestTask.execute(NodeTestTask.java:84)
	at org.junit.platform.engine.support.hierarchical.SameThreadHierarchicalTestExecutorService.submit(SameThreadHierarchicalTestExecutorService.java:32)
	at org.junit.platform.engine.support.hierarchical.HierarchicalTestExecutor.execute(HierarchicalTestExecutor.java:57)
	at org.junit.platform.engine.support.hierarchical.HierarchicalTestEngine.execute(HierarchicalTestEngine.java:51)
	at org.junit.platform.launcher.core.DefaultLauncher.execute(DefaultLauncher.java:220)
	at org.junit.platform.launcher.core.DefaultLauncher.lambda$execute$6(DefaultLauncher.java:188)
	at org.junit.platform.launcher.core.DefaultLauncher.withInterceptedStreams(DefaultLauncher.java:202)
	at org.junit.platform.launcher.core.DefaultLauncher.execute(DefaultLauncher.java:181)
	at org.junit.platform.launcher.core.DefaultLauncher.execute(DefaultLauncher.java:128)
	at org.apache.maven.surefire.junitplatform.JUnitPlatformProvider.invokeAllTests(JUnitPlatformProvider.java:150)
	at org.apache.maven.surefire.junitplatform.JUnitPlatformProvider.invoke(JUnitPlatformProvider.java:124)
	at org.apache.maven.surefire.booter.ForkedBooter.invokeProviderInSameClassLoader(ForkedBooter.java:384)
	at org.apache.maven.surefire.booter.ForkedBooter.runSuitesInProcess(ForkedBooter.java:345)
	at org.apache.maven.surefire.booter.ForkedBooter.execute(ForkedBooter.java:126)
	at org.apache.maven.surefire.booter.ForkedBooter.main(ForkedBooter.java:418)

2023-10-04 11:50:48,047 INFO c.n.e.s.TransformerServiceImpl.unlinkAndReserveProfile [main] UnlinkAndReserveProfileRequestDto(requestId=null, sourceSystem=null, iccid=null, smdpName=null, msisdn=null, eid=1234, orderId=null, releaseFlag=true)Validating unlinkAndReserveProfile Request
2023-10-04 11:50:48,048 INFO c.n.e.s.TransformerServiceImpl.unlinkAndReserveProfile [main] UnlinkAndReserveProfileRequestDto(requestId=null, sourceSystem=null, iccid=null, smdpName=null, msisdn=null, eid=1234, orderId=null, releaseFlag=true)Cancel Order Request Failed with URL http://localhost:8082/gsma/rsp2/es2plus/cancelOrder , status 200 , response {"error_message":"Invalid Association","header":{"functionExecutionStatus":{"status":"Failed","statusCodeData":{"subjectIdentifier":"ProfileICCID","reasonCode":"3.9.1","message":"Invalid Association","subjectCode":"8.2.1"}}},"error_code":10061}
2023-10-04 11:50:48,053 INFO c.n.e.s.TransformerServiceImpl.sendGetPrimaryInfoByIccidRequest [main] java.lang.Object@577536e0Sending GET request to ES for GetPrimaryInfoByIccid
2023-10-04 11:50:48,054 INFO c.n.e.s.TransformerServiceImpl.sendGetPrimaryInfoByIccidRequest [main] java.lang.Object@577536e0sendGetRequest failed for GetPrimaryInfoByIccid with status 400 BAD_REQUEST , headers null , response 
2023-10-04 11:50:48,054 ERROR c.n.e.s.TransformerServiceImpl.sendGetPrimaryInfoByIccidRequest [main] java.lang.Object@577536e0org.springframework.web.client.HttpClientErrorException: 400 BAD_REQUEST
	at com.nokia.esim.service.TransformerServiceImpl.sendGetPrimaryInfoByIccidRequest(TransformerServiceImpl.java:465)
	at com.nokia.esim.service.TransformerServiceImplTest.lambda$testSendGetPrimaryInfoByIccidRequest_Ex$11(TransformerServiceImplTest.java:609)
	at org.junit.jupiter.api.AssertThrows.assertThrows(AssertThrows.java:55)
	at org.junit.jupiter.api.AssertThrows.assertThrows(AssertThrows.java:37)
	at org.junit.jupiter.api.Assertions.assertThrows(Assertions.java:3007)
	at com.nokia.esim.service.TransformerServiceImplTest.testSendGetPrimaryInfoByIccidRequest_Ex(TransformerServiceImplTest.java:609)
	at sun.reflect.NativeMethodAccessorImpl.invoke0(Native Method)
	at sun.reflect.NativeMethodAccessorImpl.invoke(NativeMethodAccessorImpl.java:62)
	at sun.reflect.DelegatingMethodAccessorImpl.invoke(DelegatingMethodAccessorImpl.java:43)
	at java.lang.reflect.Method.invoke(Method.java:498)
	at org.junit.platform.commons.util.ReflectionUtils.invokeMethod(ReflectionUtils.java:688)
	at org.junit.jupiter.engine.execution.MethodInvocation.proceed(MethodInvocation.java:60)
	at org.junit.jupiter.engine.execution.InvocationInterceptorChain$ValidatingInvocation.proceed(InvocationInterceptorChain.java:131)
	at org.junit.jupiter.engine.extension.TimeoutExtension.intercept(TimeoutExtension.java:149)
	at org.junit.jupiter.engine.extension.TimeoutExtension.interceptTestableMethod(TimeoutExtension.java:140)
	at org.junit.jupiter.engine.extension.TimeoutExtension.interceptTestMethod(TimeoutExtension.java:84)
	at org.junit.jupiter.engine.execution.ExecutableInvoker$ReflectiveInterceptorCall.lambda$ofVoidMethod$0(ExecutableInvoker.java:115)
	at org.junit.jupiter.engine.execution.ExecutableInvoker.lambda$invoke$0(ExecutableInvoker.java:105)
	at org.junit.jupiter.engine.execution.InvocationInterceptorChain$InterceptedInvocation.proceed(InvocationInterceptorChain.java:106)
	at org.junit.jupiter.engine.execution.InvocationInterceptorChain.proceed(InvocationInterceptorChain.java:64)
	at org.junit.jupiter.engine.execution.InvocationInterceptorChain.chainAndInvoke(InvocationInterceptorChain.java:45)
	at org.junit.jupiter.engine.execution.InvocationInterceptorChain.invoke(InvocationInterceptorChain.java:37)
	at org.junit.jupiter.engine.execution.ExecutableInvoker.invoke(ExecutableInvoker.java:104)
	at org.junit.jupiter.engine.execution.ExecutableInvoker.invoke(ExecutableInvoker.java:98)
	at org.junit.jupiter.engine.descriptor.TestMethodTestDescriptor.lambda$invokeTestMethod$6(TestMethodTestDescriptor.java:210)
	at org.junit.platform.engine.support.hierarchical.ThrowableCollector.execute(ThrowableCollector.java:73)
	at org.junit.jupiter.engine.descriptor.TestMethodTestDescriptor.invokeTestMethod(TestMethodTestDescriptor.java:206)
	at org.junit.jupiter.engine.descriptor.TestMethodTestDescriptor.execute(TestMethodTestDescriptor.java:131)
	at org.junit.jupiter.engine.descriptor.TestMethodTestDescriptor.execute(TestMethodTestDescriptor.java:65)
	at org.junit.platform.engine.support.hierarchical.NodeTestTask.lambda$executeRecursively$5(NodeTestTask.java:139)
	at org.junit.platform.engine.support.hierarchical.ThrowableCollector.execute(ThrowableCollector.java:73)
	at org.junit.platform.engine.support.hierarchical.NodeTestTask.lambda$executeRecursively$7(NodeTestTask.java:129)
	at org.junit.platform.engine.support.hierarchical.Node.around(Node.java:137)
	at org.junit.platform.engine.support.hierarchical.NodeTestTask.lambda$executeRecursively$8(NodeTestTask.java:127)
	at org.junit.platform.engine.support.hierarchical.ThrowableCollector.execute(ThrowableCollector.java:73)
	at org.junit.platform.engine.support.hierarchical.NodeTestTask.executeRecursively(NodeTestTask.java:126)
	at org.junit.platform.engine.support.hierarchical.NodeTestTask.execute(NodeTestTask.java:84)
	at java.util.ArrayList.forEach(ArrayList.java:1259)
	at org.junit.platform.engine.support.hierarchical.SameThreadHierarchicalTestExecutorService.invokeAll(SameThreadHierarchicalTestExecutorService.java:38)
	at org.junit.platform.engine.support.hierarchical.NodeTestTask.lambda$executeRecursively$5(NodeTestTask.java:143)
	at org.junit.platform.engine.support.hierarchical.ThrowableCollector.execute(ThrowableCollector.java:73)
	at org.junit.platform.engine.support.hierarchical.NodeTestTask.lambda$executeRecursively$7(NodeTestTask.java:129)
	at org.junit.platform.engine.support.hierarchical.Node.around(Node.java:137)
	at org.junit.platform.engine.support.hierarchical.NodeTestTask.lambda$executeRecursively$8(NodeTestTask.java:127)
	at org.junit.platform.engine.support.hierarchical.ThrowableCollector.execute(ThrowableCollector.java:73)
	at org.junit.platform.engine.support.hierarchical.NodeTestTask.executeRecursively(NodeTestTask.java:126)
	at org.junit.platform.engine.support.hierarchical.NodeTestTask.execute(NodeTestTask.java:84)
	at java.util.ArrayList.forEach(ArrayList.java:1259)
	at org.junit.platform.engine.support.hierarchical.SameThreadHierarchicalTestExecutorService.invokeAll(SameThreadHierarchicalTestExecutorService.java:38)
	at org.junit.platform.engine.support.hierarchical.NodeTestTask.lambda$executeRecursively$5(NodeTestTask.java:143)
	at org.junit.platform.engine.support.hierarchical.ThrowableCollector.execute(ThrowableCollector.java:73)
	at org.junit.platform.engine.support.hierarchical.NodeTestTask.lambda$executeRecursively$7(NodeTestTask.java:129)
	at org.junit.platform.engine.support.hierarchical.Node.around(Node.java:137)
	at org.junit.platform.engine.support.hierarchical.NodeTestTask.lambda$executeRecursively$8(NodeTestTask.java:127)
	at org.junit.platform.engine.support.hierarchical.ThrowableCollector.execute(ThrowableCollector.java:73)
	at org.junit.platform.engine.support.hierarchical.NodeTestTask.executeRecursively(NodeTestTask.java:126)
	at org.junit.platform.engine.support.hierarchical.NodeTestTask.execute(NodeTestTask.java:84)
	at org.junit.platform.engine.support.hierarchical.SameThreadHierarchicalTestExecutorService.submit(SameThreadHierarchicalTestExecutorService.java:32)
	at org.junit.platform.engine.support.hierarchical.HierarchicalTestExecutor.execute(HierarchicalTestExecutor.java:57)
	at org.junit.platform.engine.support.hierarchical.HierarchicalTestEngine.execute(HierarchicalTestEngine.java:51)
	at org.junit.platform.launcher.core.DefaultLauncher.execute(DefaultLauncher.java:220)
	at org.junit.platform.launcher.core.DefaultLauncher.lambda$execute$6(DefaultLauncher.java:188)
	at org.junit.platform.launcher.core.DefaultLauncher.withInterceptedStreams(DefaultLauncher.java:202)
	at org.junit.platform.launcher.core.DefaultLauncher.execute(DefaultLauncher.java:181)
	at org.junit.platform.launcher.core.DefaultLauncher.execute(DefaultLauncher.java:128)
	at org.apache.maven.surefire.junitplatform.JUnitPlatformProvider.invokeAllTests(JUnitPlatformProvider.java:150)
	at org.apache.maven.surefire.junitplatform.JUnitPlatformProvider.invoke(JUnitPlatformProvider.java:124)
	at org.apache.maven.surefire.booter.ForkedBooter.invokeProviderInSameClassLoader(ForkedBooter.java:384)
	at org.apache.maven.surefire.booter.ForkedBooter.runSuitesInProcess(ForkedBooter.java:345)
	at org.apache.maven.surefire.booter.ForkedBooter.execute(ForkedBooter.java:126)
	at org.apache.maven.surefire.booter.ForkedBooter.main(ForkedBooter.java:418)

2023-10-04 11:50:48,055 INFO c.n.e.s.TransformerServiceImpl.sendGetPrimaryInfoByIccidRequest [main] java.lang.Object@7f0b93b4Sending GET request to ES for GetPrimaryInfoByIccid
2023-10-04 11:50:48,056 ERROR c.n.e.s.TransformerServiceImpl.sendGetPrimaryInfoByIccidRequest [main] java.lang.Object@7f0b93b4sendGetRequest failed for GetPrimaryInfoByIccid URL:http://localhost:8080/subscriber-repository/subscription/getPrimaryInfoByIccid/123
2023-10-04 11:50:48,056 ERROR c.n.e.s.TransformerServiceImpl.sendGetPrimaryInfoByIccidRequest [main] java.lang.Object@7f0b93b4java.lang.RuntimeException
	at com.nokia.esim.service.TransformerServiceImpl.sendGetPrimaryInfoByIccidRequest(TransformerServiceImpl.java:465)
	at com.nokia.esim.service.TransformerServiceImplTest.lambda$testSendGetPrimaryInfoByIccidRequest_Ex$12(TransformerServiceImplTest.java:614)
	at org.junit.jupiter.api.AssertThrows.assertThrows(AssertThrows.java:55)
	at org.junit.jupiter.api.AssertThrows.assertThrows(AssertThrows.java:37)
	at org.junit.jupiter.api.Assertions.assertThrows(Assertions.java:3007)
	at com.nokia.esim.service.TransformerServiceImplTest.testSendGetPrimaryInfoByIccidRequest_Ex(TransformerServiceImplTest.java:614)
	at sun.reflect.NativeMethodAccessorImpl.invoke0(Native Method)
	at sun.reflect.NativeMethodAccessorImpl.invoke(NativeMethodAccessorImpl.java:62)
	at sun.reflect.DelegatingMethodAccessorImpl.invoke(DelegatingMethodAccessorImpl.java:43)
	at java.lang.reflect.Method.invoke(Method.java:498)
	at org.junit.platform.commons.util.ReflectionUtils.invokeMethod(ReflectionUtils.java:688)
	at org.junit.jupiter.engine.execution.MethodInvocation.proceed(MethodInvocation.java:60)
	at org.junit.jupiter.engine.execution.InvocationInterceptorChain$ValidatingInvocation.proceed(InvocationInterceptorChain.java:131)
	at org.junit.jupiter.engine.extension.TimeoutExtension.intercept(TimeoutExtension.java:149)
	at org.junit.jupiter.engine.extension.TimeoutExtension.interceptTestableMethod(TimeoutExtension.java:140)
	at org.junit.jupiter.engine.extension.TimeoutExtension.interceptTestMethod(TimeoutExtension.java:84)
	at org.junit.jupiter.engine.execution.ExecutableInvoker$ReflectiveInterceptorCall.lambda$ofVoidMethod$0(ExecutableInvoker.java:115)
	at org.junit.jupiter.engine.execution.ExecutableInvoker.lambda$invoke$0(ExecutableInvoker.java:105)
	at org.junit.jupiter.engine.execution.InvocationInterceptorChain$InterceptedInvocation.proceed(InvocationInterceptorChain.java:106)
	at org.junit.jupiter.engine.execution.InvocationInterceptorChain.proceed(InvocationInterceptorChain.java:64)
	at org.junit.jupiter.engine.execution.InvocationInterceptorChain.chainAndInvoke(InvocationInterceptorChain.java:45)
	at org.junit.jupiter.engine.execution.InvocationInterceptorChain.invoke(InvocationInterceptorChain.java:37)
	at org.junit.jupiter.engine.execution.ExecutableInvoker.invoke(ExecutableInvoker.java:104)
	at org.junit.jupiter.engine.execution.ExecutableInvoker.invoke(ExecutableInvoker.java:98)
	at org.junit.jupiter.engine.descriptor.TestMethodTestDescriptor.lambda$invokeTestMethod$6(TestMethodTestDescriptor.java:210)
	at org.junit.platform.engine.support.hierarchical.ThrowableCollector.execute(ThrowableCollector.java:73)
	at org.junit.jupiter.engine.descriptor.TestMethodTestDescriptor.invokeTestMethod(TestMethodTestDescriptor.java:206)
	at org.junit.jupiter.engine.descriptor.TestMethodTestDescriptor.execute(TestMethodTestDescriptor.java:131)
	at org.junit.jupiter.engine.descriptor.TestMethodTestDescriptor.execute(TestMethodTestDescriptor.java:65)
	at org.junit.platform.engine.support.hierarchical.NodeTestTask.lambda$executeRecursively$5(NodeTestTask.java:139)
	at org.junit.platform.engine.support.hierarchical.ThrowableCollector.execute(ThrowableCollector.java:73)
	at org.junit.platform.engine.support.hierarchical.NodeTestTask.lambda$executeRecursively$7(NodeTestTask.java:129)
	at org.junit.platform.engine.support.hierarchical.Node.around(Node.java:137)
	at org.junit.platform.engine.support.hierarchical.NodeTestTask.lambda$executeRecursively$8(NodeTestTask.java:127)
	at org.junit.platform.engine.support.hierarchical.ThrowableCollector.execute(ThrowableCollector.java:73)
	at org.junit.platform.engine.support.hierarchical.NodeTestTask.executeRecursively(NodeTestTask.java:126)
	at org.junit.platform.engine.support.hierarchical.NodeTestTask.execute(NodeTestTask.java:84)
	at java.util.ArrayList.forEach(ArrayList.java:1259)
	at org.junit.platform.engine.support.hierarchical.SameThreadHierarchicalTestExecutorService.invokeAll(SameThreadHierarchicalTestExecutorService.java:38)
	at org.junit.platform.engine.support.hierarchical.NodeTestTask.lambda$executeRecursively$5(NodeTestTask.java:143)
	at org.junit.platform.engine.support.hierarchical.ThrowableCollector.execute(ThrowableCollector.java:73)
	at org.junit.platform.engine.support.hierarchical.NodeTestTask.lambda$executeRecursively$7(NodeTestTask.java:129)
	at org.junit.platform.engine.support.hierarchical.Node.around(Node.java:137)
	at org.junit.platform.engine.support.hierarchical.NodeTestTask.lambda$executeRecursively$8(NodeTestTask.java:127)
	at org.junit.platform.engine.support.hierarchical.ThrowableCollector.execute(ThrowableCollector.java:73)
	at org.junit.platform.engine.support.hierarchical.NodeTestTask.executeRecursively(NodeTestTask.java:126)
	at org.junit.platform.engine.support.hierarchical.NodeTestTask.execute(NodeTestTask.java:84)
	at java.util.ArrayList.forEach(ArrayList.java:1259)
	at org.junit.platform.engine.support.hierarchical.SameThreadHierarchicalTestExecutorService.invokeAll(SameThreadHierarchicalTestExecutorService.java:38)
	at org.junit.platform.engine.support.hierarchical.NodeTestTask.lambda$executeRecursively$5(NodeTestTask.java:143)
	at org.junit.platform.engine.support.hierarchical.ThrowableCollector.execute(ThrowableCollector.java:73)
	at org.junit.platform.engine.support.hierarchical.NodeTestTask.lambda$executeRecursively$7(NodeTestTask.java:129)
	at org.junit.platform.engine.support.hierarchical.Node.around(Node.java:137)
	at org.junit.platform.engine.support.hierarchical.NodeTestTask.lambda$executeRecursively$8(NodeTestTask.java:127)
	at org.junit.platform.engine.support.hierarchical.ThrowableCollector.execute(ThrowableCollector.java:73)
	at org.junit.platform.engine.support.hierarchical.NodeTestTask.executeRecursively(NodeTestTask.java:126)
	at org.junit.platform.engine.support.hierarchical.NodeTestTask.execute(NodeTestTask.java:84)
	at org.junit.platform.engine.support.hierarchical.SameThreadHierarchicalTestExecutorService.submit(SameThreadHierarchicalTestExecutorService.java:32)
	at org.junit.platform.engine.support.hierarchical.HierarchicalTestExecutor.execute(HierarchicalTestExecutor.java:57)
	at org.junit.platform.engine.support.hierarchical.HierarchicalTestEngine.execute(HierarchicalTestEngine.java:51)
	at org.junit.platform.launcher.core.DefaultLauncher.execute(DefaultLauncher.java:220)
	at org.junit.platform.launcher.core.DefaultLauncher.lambda$execute$6(DefaultLauncher.java:188)
	at org.junit.platform.launcher.core.DefaultLauncher.withInterceptedStreams(DefaultLauncher.java:202)
	at org.junit.platform.launcher.core.DefaultLauncher.execute(DefaultLauncher.java:181)
	at org.junit.platform.launcher.core.DefaultLauncher.execute(DefaultLauncher.java:128)
	at org.apache.maven.surefire.junitplatform.JUnitPlatformProvider.invokeAllTests(JUnitPlatformProvider.java:150)
	at org.apache.maven.surefire.junitplatform.JUnitPlatformProvider.invoke(JUnitPlatformProvider.java:124)
	at org.apache.maven.surefire.booter.ForkedBooter.invokeProviderInSameClassLoader(ForkedBooter.java:384)
	at org.apache.maven.surefire.booter.ForkedBooter.runSuitesInProcess(ForkedBooter.java:345)
	at org.apache.maven.surefire.booter.ForkedBooter.execute(ForkedBooter.java:126)
	at org.apache.maven.surefire.booter.ForkedBooter.main(ForkedBooter.java:418)

2023-10-04 11:50:48,062 INFO c.n.e.s.TransformerServiceImpl.prepareEsimProfile [main] PrepareEsimProfileRequestDto(requestId=null, sourceSystem=null, iccId=null, smdpName=null, msisdn=null, eid=null, reservationType=null, releaseFlag=true, orderId=null)Validating PrepareEsimProfile Request
2023-10-04 11:50:48,063 INFO c.n.e.s.TransformerServiceImpl.prepareEsimProfile [main] PrepareEsimProfileRequestDto(requestId=null, sourceSystem=null, iccId=null, smdpName=null, msisdn=null, eid=null, reservationType=null, releaseFlag=true, orderId=null)Sending Download Order request
2023-10-04 11:50:48,063 INFO c.n.e.s.TransformerServiceImpl.prepareEsimProfile [main] PrepareEsimProfileRequestDto(requestId=null, sourceSystem=null, iccId=null, smdpName=null, msisdn=null, eid=null, reservationType=null, releaseFlag=true, orderId=null)Download Order Request Success
2023-10-04 11:50:48,063 INFO c.n.e.s.TransformerServiceImpl.prepareEsimProfile [main] PrepareEsimProfileRequestDto(requestId=null, sourceSystem=null, iccId=null, smdpName=null, msisdn=null, eid=null, reservationType=null, releaseFlag=true, orderId=null)Sending Confirm Order request
2023-10-04 11:50:48,064 INFO c.n.e.s.TransformerServiceImpl.prepareEsimProfile [main] PrepareEsimProfileRequestDto(requestId=null, sourceSystem=null, iccId=null, smdpName=null, msisdn=null, eid=null, reservationType=null, releaseFlag=true, orderId=null)Confirm Order Request Failed with URL http://localhost:8082/gsma/rsp2/es2plus/confirmOrder , status 200 , response {"eid":null,"header":{"functionExecutionStatus":{"status":"Failed","statusCodeData":{"subjectIdentifier":"","reasonCode":"3.9","message":"","subjectCode":"8.2.1.1.1"}}},"smdpAddress":null,"matchingId":null}
2023-10-04 11:50:48,064 INFO c.n.e.s.TransformerServiceImpl.prepareEsimProfile [main] PrepareEsimProfileRequestDto(requestId=null, sourceSystem=null, iccId=null, smdpName=null, msisdn=null, eid=null, reservationType=null, releaseFlag=true, orderId=null)TenantId is :: 5
2023-10-04 11:50:48,064 INFO c.n.e.s.TransformerServiceImpl.prepareEsimProfile [main] PrepareEsimProfileRequestDto(requestId=null, sourceSystem=null, iccId=null, smdpName=null, msisdn=null, eid=null, reservationType=null, releaseFlag=true, orderId=null)Sending AddOrUpdatePrimaryInfo Request to ES
2023-10-04 11:50:48,075 INFO c.n.e.s.TransformerServiceImpl.prepareEsimProfile [main] PrepareEsimProfileRequestDto(requestId=null, sourceSystem=null, iccId=null, smdpName=null, msisdn=null, eid=null, reservationType=null, releaseFlag=true, orderId=null)Validating PrepareEsimProfile Request
2023-10-04 11:50:48,076 INFO c.n.e.s.TransformerServiceImpl.prepareEsimProfile [main] PrepareEsimProfileRequestDto(requestId=null, sourceSystem=null, iccId=null, smdpName=null, msisdn=null, eid=null, reservationType=null, releaseFlag=true, orderId=null)Sending Download Order request
2023-10-04 11:50:48,076 INFO c.n.e.s.TransformerServiceImpl.prepareEsimProfile [main] PrepareEsimProfileRequestDto(requestId=null, sourceSystem=null, iccId=null, smdpName=null, msisdn=null, eid=null, reservationType=null, releaseFlag=true, orderId=null)Download Order Request Success
2023-10-04 11:50:48,076 INFO c.n.e.s.TransformerServiceImpl.prepareEsimProfile [main] PrepareEsimProfileRequestDto(requestId=null, sourceSystem=null, iccId=null, smdpName=null, msisdn=null, eid=null, reservationType=null, releaseFlag=true, orderId=null)Sending Confirm Order request
2023-10-04 11:50:48,077 INFO c.n.e.s.TransformerServiceImpl.prepareEsimProfile [main] PrepareEsimProfileRequestDto(requestId=null, sourceSystem=null, iccId=null, smdpName=null, msisdn=null, eid=null, reservationType=null, releaseFlag=true, orderId=null)Confirm Order Request Success
2023-10-04 11:50:48,077 INFO c.n.e.s.TransformerServiceImpl.prepareEsimProfile [main] PrepareEsimProfileRequestDto(requestId=null, sourceSystem=null, iccId=null, smdpName=null, msisdn=null, eid=null, reservationType=null, releaseFlag=true, orderId=null)TenantId is :: 5
2023-10-04 11:50:48,078 INFO c.n.e.s.TransformerServiceImpl.prepareEsimProfile [main] PrepareEsimProfileRequestDto(requestId=null, sourceSystem=null, iccId=null, smdpName=null, msisdn=null, eid=null, reservationType=null, releaseFlag=true, orderId=null)Sending AddOrUpdatePrimaryInfo Request to ES
2023-10-04 11:50:48,078 INFO c.n.e.s.TransformerServiceImpl.prepareEsimProfile [main] PrepareEsimProfileRequestDto(requestId=null, sourceSystem=null, iccId=null, smdpName=null, msisdn=null, eid=1234567, reservationType=null, releaseFlag=false, orderId=null)Validating PrepareEsimProfile Request
2023-10-04 11:50:48,078 INFO c.n.e.s.TransformerServiceImpl.prepareEsimProfile [main] PrepareEsimProfileRequestDto(requestId=null, sourceSystem=null, iccId=null, smdpName=null, msisdn=null, eid=1234567, reservationType=null, releaseFlag=false, orderId=null)Sending Download Order request
2023-10-04 11:50:48,079 INFO c.n.e.s.TransformerServiceImpl.prepareEsimProfile [main] PrepareEsimProfileRequestDto(requestId=null, sourceSystem=null, iccId=null, smdpName=null, msisdn=null, eid=1234567, reservationType=null, releaseFlag=false, orderId=null)Download Order Request Success
2023-10-04 11:50:48,079 INFO c.n.e.s.TransformerServiceImpl.prepareEsimProfile [main] PrepareEsimProfileRequestDto(requestId=null, sourceSystem=null, iccId=null, smdpName=null, msisdn=null, eid=1234567, reservationType=null, releaseFlag=false, orderId=null)Sending Confirm Order request
2023-10-04 11:50:48,079 INFO c.n.e.s.TransformerServiceImpl.prepareEsimProfile [main] PrepareEsimProfileRequestDto(requestId=null, sourceSystem=null, iccId=null, smdpName=null, msisdn=null, eid=1234567, reservationType=null, releaseFlag=false, orderId=null)Confirm Order Request Success
2023-10-04 11:50:48,079 INFO c.n.e.s.TransformerServiceImpl.prepareEsimProfile [main] PrepareEsimProfileRequestDto(requestId=null, sourceSystem=null, iccId=null, smdpName=null, msisdn=null, eid=1234567, reservationType=null, releaseFlag=false, orderId=null)Sending AddOrUpdatePrimaryInfo Request to ES
2023-10-04 11:50:48,085 INFO c.n.e.s.TransformerServiceImpl.unlinkAndReserveProfile [main] UnlinkAndReserveProfileRequestDto(requestId=null, sourceSystem=null, iccid=null, smdpName=null, msisdn=null, eid=1234, orderId=null, releaseFlag=true)Validating unlinkAndReserveProfile Request
2023-10-04 11:50:48,086 INFO c.n.e.s.TransformerServiceImpl.unlinkAndReserveProfile [main] UnlinkAndReserveProfileRequestDto(requestId=null, sourceSystem=null, iccid=null, smdpName=null, msisdn=null, eid=1234, orderId=null, releaseFlag=true)Cancel Order Request Failed with URL http://localhost:8082/gsma/rsp2/es2plus/cancelOrder , status 400 BAD_REQUEST , headers null , response 
2023-10-04 11:50:48,086 ERROR c.n.e.s.TransformerServiceImpl.unlinkAndReserveProfile [main] UnlinkAndReserveProfileRequestDto(requestId=null, sourceSystem=null, iccid=null, smdpName=null, msisdn=null, eid=1234, orderId=null, releaseFlag=true)org.springframework.web.client.HttpClientErrorException: 400 BAD_REQUEST
	at com.nokia.esim.service.TransformerServiceImpl.sendCancelOrderRequest(TransformerServiceImpl.java:571)
	at com.nokia.esim.service.TransformerServiceImpl.unlinkAndReserveProfile(TransformerServiceImpl.java:397)
	at com.nokia.esim.service.TransformerServiceImplTest.lambda$testUnlinkAndReserveProfile_CancelOrderCallFailure$9(TransformerServiceImplTest.java:585)
	at org.junit.jupiter.api.AssertThrows.assertThrows(AssertThrows.java:55)
	at org.junit.jupiter.api.AssertThrows.assertThrows(AssertThrows.java:37)
	at org.junit.jupiter.api.Assertions.assertThrows(Assertions.java:3007)
	at com.nokia.esim.service.TransformerServiceImplTest.testUnlinkAndReserveProfile_CancelOrderCallFailure(TransformerServiceImplTest.java:584)
	at sun.reflect.NativeMethodAccessorImpl.invoke0(Native Method)
	at sun.reflect.NativeMethodAccessorImpl.invoke(NativeMethodAccessorImpl.java:62)
	at sun.reflect.DelegatingMethodAccessorImpl.invoke(DelegatingMethodAccessorImpl.java:43)
	at java.lang.reflect.Method.invoke(Method.java:498)
	at org.junit.platform.commons.util.ReflectionUtils.invokeMethod(ReflectionUtils.java:688)
	at org.junit.jupiter.engine.execution.MethodInvocation.proceed(MethodInvocation.java:60)
	at org.junit.jupiter.engine.execution.InvocationInterceptorChain$ValidatingInvocation.proceed(InvocationInterceptorChain.java:131)
	at org.junit.jupiter.engine.extension.TimeoutExtension.intercept(TimeoutExtension.java:149)
	at org.junit.jupiter.engine.extension.TimeoutExtension.interceptTestableMethod(TimeoutExtension.java:140)
	at org.junit.jupiter.engine.extension.TimeoutExtension.interceptTestMethod(TimeoutExtension.java:84)
	at org.junit.jupiter.engine.execution.ExecutableInvoker$ReflectiveInterceptorCall.lambda$ofVoidMethod$0(ExecutableInvoker.java:115)
	at org.junit.jupiter.engine.execution.ExecutableInvoker.lambda$invoke$0(ExecutableInvoker.java:105)
	at org.junit.jupiter.engine.execution.InvocationInterceptorChain$InterceptedInvocation.proceed(InvocationInterceptorChain.java:106)
	at org.junit.jupiter.engine.execution.InvocationInterceptorChain.proceed(InvocationInterceptorChain.java:64)
	at org.junit.jupiter.engine.execution.InvocationInterceptorChain.chainAndInvoke(InvocationInterceptorChain.java:45)
	at org.junit.jupiter.engine.execution.InvocationInterceptorChain.invoke(InvocationInterceptorChain.java:37)
	at org.junit.jupiter.engine.execution.ExecutableInvoker.invoke(ExecutableInvoker.java:104)
	at org.junit.jupiter.engine.execution.ExecutableInvoker.invoke(ExecutableInvoker.java:98)
	at org.junit.jupiter.engine.descriptor.TestMethodTestDescriptor.lambda$invokeTestMethod$6(TestMethodTestDescriptor.java:210)
	at org.junit.platform.engine.support.hierarchical.ThrowableCollector.execute(ThrowableCollector.java:73)
	at org.junit.jupiter.engine.descriptor.TestMethodTestDescriptor.invokeTestMethod(TestMethodTestDescriptor.java:206)
	at org.junit.jupiter.engine.descriptor.TestMethodTestDescriptor.execute(TestMethodTestDescriptor.java:131)
	at org.junit.jupiter.engine.descriptor.TestMethodTestDescriptor.execute(TestMethodTestDescriptor.java:65)
	at org.junit.platform.engine.support.hierarchical.NodeTestTask.lambda$executeRecursively$5(NodeTestTask.java:139)
	at org.junit.platform.engine.support.hierarchical.ThrowableCollector.execute(ThrowableCollector.java:73)
	at org.junit.platform.engine.support.hierarchical.NodeTestTask.lambda$executeRecursively$7(NodeTestTask.java:129)
	at org.junit.platform.engine.support.hierarchical.Node.around(Node.java:137)
	at org.junit.platform.engine.support.hierarchical.NodeTestTask.lambda$executeRecursively$8(NodeTestTask.java:127)
	at org.junit.platform.engine.support.hierarchical.ThrowableCollector.execute(ThrowableCollector.java:73)
	at org.junit.platform.engine.support.hierarchical.NodeTestTask.executeRecursively(NodeTestTask.java:126)
	at org.junit.platform.engine.support.hierarchical.NodeTestTask.execute(NodeTestTask.java:84)
	at java.util.ArrayList.forEach(ArrayList.java:1259)
	at org.junit.platform.engine.support.hierarchical.SameThreadHierarchicalTestExecutorService.invokeAll(SameThreadHierarchicalTestExecutorService.java:38)
	at org.junit.platform.engine.support.hierarchical.NodeTestTask.lambda$executeRecursively$5(NodeTestTask.java:143)
	at org.junit.platform.engine.support.hierarchical.ThrowableCollector.execute(ThrowableCollector.java:73)
	at org.junit.platform.engine.support.hierarchical.NodeTestTask.lambda$executeRecursively$7(NodeTestTask.java:129)
	at org.junit.platform.engine.support.hierarchical.Node.around(Node.java:137)
	at org.junit.platform.engine.support.hierarchical.NodeTestTask.lambda$executeRecursively$8(NodeTestTask.java:127)
	at org.junit.platform.engine.support.hierarchical.ThrowableCollector.execute(ThrowableCollector.java:73)
	at org.junit.platform.engine.support.hierarchical.NodeTestTask.executeRecursively(NodeTestTask.java:126)
	at org.junit.platform.engine.support.hierarchical.NodeTestTask.execute(NodeTestTask.java:84)
	at java.util.ArrayList.forEach(ArrayList.java:1259)
	at org.junit.platform.engine.support.hierarchical.SameThreadHierarchicalTestExecutorService.invokeAll(SameThreadHierarchicalTestExecutorService.java:38)
	at org.junit.platform.engine.support.hierarchical.NodeTestTask.lambda$executeRecursively$5(NodeTestTask.java:143)
	at org.junit.platform.engine.support.hierarchical.ThrowableCollector.execute(ThrowableCollector.java:73)
	at org.junit.platform.engine.support.hierarchical.NodeTestTask.lambda$executeRecursively$7(NodeTestTask.java:129)
	at org.junit.platform.engine.support.hierarchical.Node.around(Node.java:137)
	at org.junit.platform.engine.support.hierarchical.NodeTestTask.lambda$executeRecursively$8(NodeTestTask.java:127)
	at org.junit.platform.engine.support.hierarchical.ThrowableCollector.execute(ThrowableCollector.java:73)
	at org.junit.platform.engine.support.hierarchical.NodeTestTask.executeRecursively(NodeTestTask.java:126)
	at org.junit.platform.engine.support.hierarchical.NodeTestTask.execute(NodeTestTask.java:84)
	at org.junit.platform.engine.support.hierarchical.SameThreadHierarchicalTestExecutorService.submit(SameThreadHierarchicalTestExecutorService.java:32)
	at org.junit.platform.engine.support.hierarchical.HierarchicalTestExecutor.execute(HierarchicalTestExecutor.java:57)
	at org.junit.platform.engine.support.hierarchical.HierarchicalTestEngine.execute(HierarchicalTestEngine.java:51)
	at org.junit.platform.launcher.core.DefaultLauncher.execute(DefaultLauncher.java:220)
	at org.junit.platform.launcher.core.DefaultLauncher.lambda$execute$6(DefaultLauncher.java:188)
	at org.junit.platform.launcher.core.DefaultLauncher.withInterceptedStreams(DefaultLauncher.java:202)
	at org.junit.platform.launcher.core.DefaultLauncher.execute(DefaultLauncher.java:181)
	at org.junit.platform.launcher.core.DefaultLauncher.execute(DefaultLauncher.java:128)
	at org.apache.maven.surefire.junitplatform.JUnitPlatformProvider.invokeAllTests(JUnitPlatformProvider.java:150)
	at org.apache.maven.surefire.junitplatform.JUnitPlatformProvider.invoke(JUnitPlatformProvider.java:124)
	at org.apache.maven.surefire.booter.ForkedBooter.invokeProviderInSameClassLoader(ForkedBooter.java:384)
	at org.apache.maven.surefire.booter.ForkedBooter.runSuitesInProcess(ForkedBooter.java:345)
	at org.apache.maven.surefire.booter.ForkedBooter.execute(ForkedBooter.java:126)
	at org.apache.maven.surefire.booter.ForkedBooter.main(ForkedBooter.java:418)

2023-10-04 11:50:48,097 INFO c.n.e.s.TransformerServiceImpl.prepareEsimProfile [main] PrepareEsimProfileRequestDto(requestId=null, sourceSystem=null, iccId=null, smdpName=null, msisdn=null, eid=null, reservationType=null, releaseFlag=true, orderId=null)Validating PrepareEsimProfile Request
2023-10-04 11:50:48,097 INFO c.n.e.s.TransformerServiceImpl.prepareEsimProfile [main] PrepareEsimProfileRequestDto(requestId=null, sourceSystem=null, iccId=null, smdpName=null, msisdn=null, eid=null, reservationType=null, releaseFlag=true, orderId=null)Sending Download Order request
2023-10-04 11:50:48,097 INFO c.n.e.s.TransformerServiceImpl.prepareEsimProfile [main] PrepareEsimProfileRequestDto(requestId=null, sourceSystem=null, iccId=null, smdpName=null, msisdn=null, eid=null, reservationType=null, releaseFlag=true, orderId=null)Download Order Request Failed with URL http://localhost:8082/gsma/rsp2/es2plus/downloadOrder , status 200 , response {"iccid":"8961026023401154361F","header":{"functionExecutionStatus":{"status":"Failed","statusCodeData":{"subjectIdentifier":"","reasonCode":"3.9","message":"header","subjectCode":"8.2.1"}}}}
2023-10-04 11:50:48,098 INFO c.n.e.s.TransformerServiceImpl.prepareEsimProfile [main] PrepareEsimProfileRequestDto(requestId=null, sourceSystem=null, iccId=null, smdpName=null, msisdn=null, eid=null, reservationType=null, releaseFlag=true, orderId=null)TenantId is :: 5
2023-10-04 11:50:48,098 INFO c.n.e.s.TransformerServiceImpl.prepareEsimProfile [main] PrepareEsimProfileRequestDto(requestId=null, sourceSystem=null, iccId=null, smdpName=null, msisdn=null, eid=null, reservationType=null, releaseFlag=true, orderId=null)Sending AddOrUpdatePrimaryInfo Request to ES
2023-10-04 11:50:48,104 INFO c.n.e.s.TransformerServiceImpl.changeEsimProfileStatus [main] ChangeEsimProfileStatusRequestDto(requestId=null, sourceSystem=null, iccid=null, profileStatus=null, smdpName=null)Validating changeEsimProfileStatus Request
2023-10-04 11:50:48,105 INFO c.n.e.s.TransformerServiceImpl.sendGetPrimaryInfoByIccidRequest [main] ChangeEsimProfileStatusRequestDto(requestId=null, sourceSystem=null, iccid=null, profileStatus=null, smdpName=null)Sending GET request to ES for GetPrimaryInfoByIccid
2023-10-04 11:50:48,105 INFO c.n.e.s.TransformerServiceImpl.changeEsimProfileStatus [main] ChangeEsimProfileStatusRequestDto(requestId=null, sourceSystem=null, iccid=null, profileStatus=null, smdpName=null)Cancel Order Request Failed with URL http://localhost:8082/gsma/rsp2/es2plus/cancelOrder , status 200 , response {"error_message":"Invalid Association","header":{"functionExecutionStatus":{"status":"Failed","statusCodeData":{"subjectIdentifier":"ProfileICCID","reasonCode":"3.9","message":"Invalid Association","subjectCode":"8.2.1.1"}}},"error_code":10061}
2023-10-04 11:50:48,111 INFO c.n.e.s.TransformerServiceImpl.unlinkAndReserveProfile [main] UnlinkAndReserveProfileRequestDto(requestId=null, sourceSystem=null, iccid=null, smdpName=null, msisdn=null, eid=1234, orderId=null, releaseFlag=true)Validating unlinkAndReserveProfile Request
2023-10-04 11:50:48,112 INFO c.n.e.s.TransformerServiceImpl.unlinkAndReserveProfile [main] UnlinkAndReserveProfileRequestDto(requestId=null, sourceSystem=null, iccid=null, smdpName=null, msisdn=null, eid=1234, orderId=null, releaseFlag=true)Cancel Order Request Failed with URL http://localhost:8082/gsma/rsp2/es2plus/cancelOrder , status 200 , response {"error_message":"Invalid Association","header":{"functionExecutionStatus":{"status":"Failed","statusCodeData":{"subjectIdentifier":"ProfileICCID","reasonCode":"3.9","message":"Invalid Association","subjectCode":"8.2.1.1"}}},"error_code":10061}
2023-10-04 11:50:48,119 INFO c.n.e.s.TransformerServiceImpl.prepareEsimProfile [main] PrepareEsimProfileRequestDto(requestId=null, sourceSystem=null, iccId=null, smdpName=null, msisdn=null, eid=null, reservationType=null, releaseFlag=true, orderId=null)Validating PrepareEsimProfile Request
2023-10-04 11:50:48,119 INFO c.n.e.s.TransformerServiceImpl.prepareEsimProfile [main] PrepareEsimProfileRequestDto(requestId=null, sourceSystem=null, iccId=null, smdpName=null, msisdn=null, eid=null, reservationType=null, releaseFlag=true, orderId=null)Sending Download Order request
2023-10-04 11:50:48,120 INFO c.n.e.s.TransformerServiceImpl.prepareEsimProfile [main] PrepareEsimProfileRequestDto(requestId=null, sourceSystem=null, iccId=null, smdpName=null, msisdn=null, eid=null, reservationType=null, releaseFlag=true, orderId=null)Download Order Request Success
2023-10-04 11:50:48,120 INFO c.n.e.s.TransformerServiceImpl.prepareEsimProfile [main] PrepareEsimProfileRequestDto(requestId=null, sourceSystem=null, iccId=null, smdpName=null, msisdn=null, eid=null, reservationType=null, releaseFlag=true, orderId=null)Sending Confirm Order request
2023-10-04 11:50:48,121 ERROR c.n.e.s.TransformerServiceImpl.prepareEsimProfile [main] PrepareEsimProfileRequestDto(requestId=null, sourceSystem=null, iccId=null, smdpName=null, msisdn=null, eid=null, reservationType=null, releaseFlag=true, orderId=null)sendPostRequest failed for URL:http://localhost:8082/gsma/rsp2/es2plus/confirmOrder
2023-10-04 11:50:48,121 ERROR c.n.e.s.TransformerServiceImpl.prepareEsimProfile [main] PrepareEsimProfileRequestDto(requestId=null, sourceSystem=null, iccId=null, smdpName=null, msisdn=null, eid=null, reservationType=null, releaseFlag=true, orderId=null)java.lang.RuntimeException
	at com.nokia.esim.service.TransformerServiceImpl.sendConfirmOrderRequest(TransformerServiceImpl.java:547)
	at com.nokia.esim.service.TransformerServiceImpl.prepareEsimProfile(TransformerServiceImpl.java:239)
	at com.nokia.esim.service.TransformerServiceImpl.prepareEsimProfile(TransformerServiceImpl.java:148)
	at com.nokia.esim.service.TransformerServiceImplTest.lambda$testPrepareEsimProfile_ConfirmOrderCallFailure_Ex$6(TransformerServiceImplTest.java:364)
	at org.junit.jupiter.api.AssertThrows.assertThrows(AssertThrows.java:55)
	at org.junit.jupiter.api.AssertThrows.assertThrows(AssertThrows.java:37)
	at org.junit.jupiter.api.Assertions.assertThrows(Assertions.java:3007)
	at com.nokia.esim.service.TransformerServiceImplTest.testPrepareEsimProfile_ConfirmOrderCallFailure_Ex(TransformerServiceImplTest.java:363)
	at sun.reflect.NativeMethodAccessorImpl.invoke0(Native Method)
	at sun.reflect.NativeMethodAccessorImpl.invoke(NativeMethodAccessorImpl.java:62)
	at sun.reflect.DelegatingMethodAccessorImpl.invoke(DelegatingMethodAccessorImpl.java:43)
	at java.lang.reflect.Method.invoke(Method.java:498)
	at org.junit.platform.commons.util.ReflectionUtils.invokeMethod(ReflectionUtils.java:688)
	at org.junit.jupiter.engine.execution.MethodInvocation.proceed(MethodInvocation.java:60)
	at org.junit.jupiter.engine.execution.InvocationInterceptorChain$ValidatingInvocation.proceed(InvocationInterceptorChain.java:131)
	at org.junit.jupiter.engine.extension.TimeoutExtension.intercept(TimeoutExtension.java:149)
	at org.junit.jupiter.engine.extension.TimeoutExtension.interceptTestableMethod(TimeoutExtension.java:140)
	at org.junit.jupiter.engine.extension.TimeoutExtension.interceptTestMethod(TimeoutExtension.java:84)
	at org.junit.jupiter.engine.execution.ExecutableInvoker$ReflectiveInterceptorCall.lambda$ofVoidMethod$0(ExecutableInvoker.java:115)
	at org.junit.jupiter.engine.execution.ExecutableInvoker.lambda$invoke$0(ExecutableInvoker.java:105)
	at org.junit.jupiter.engine.execution.InvocationInterceptorChain$InterceptedInvocation.proceed(InvocationInterceptorChain.java:106)
	at org.junit.jupiter.engine.execution.InvocationInterceptorChain.proceed(InvocationInterceptorChain.java:64)
	at org.junit.jupiter.engine.execution.InvocationInterceptorChain.chainAndInvoke(InvocationInterceptorChain.java:45)
	at org.junit.jupiter.engine.execution.InvocationInterceptorChain.invoke(InvocationInterceptorChain.java:37)
	at org.junit.jupiter.engine.execution.ExecutableInvoker.invoke(ExecutableInvoker.java:104)
	at org.junit.jupiter.engine.execution.ExecutableInvoker.invoke(ExecutableInvoker.java:98)
	at org.junit.jupiter.engine.descriptor.TestMethodTestDescriptor.lambda$invokeTestMethod$6(TestMethodTestDescriptor.java:210)
	at org.junit.platform.engine.support.hierarchical.ThrowableCollector.execute(ThrowableCollector.java:73)
	at org.junit.jupiter.engine.descriptor.TestMethodTestDescriptor.invokeTestMethod(TestMethodTestDescriptor.java:206)
	at org.junit.jupiter.engine.descriptor.TestMethodTestDescriptor.execute(TestMethodTestDescriptor.java:131)
	at org.junit.jupiter.engine.descriptor.TestMethodTestDescriptor.execute(TestMethodTestDescriptor.java:65)
	at org.junit.platform.engine.support.hierarchical.NodeTestTask.lambda$executeRecursively$5(NodeTestTask.java:139)
	at org.junit.platform.engine.support.hierarchical.ThrowableCollector.execute(ThrowableCollector.java:73)
	at org.junit.platform.engine.support.hierarchical.NodeTestTask.lambda$executeRecursively$7(NodeTestTask.java:129)
	at org.junit.platform.engine.support.hierarchical.Node.around(Node.java:137)
	at org.junit.platform.engine.support.hierarchical.NodeTestTask.lambda$executeRecursively$8(NodeTestTask.java:127)
	at org.junit.platform.engine.support.hierarchical.ThrowableCollector.execute(ThrowableCollector.java:73)
	at org.junit.platform.engine.support.hierarchical.NodeTestTask.executeRecursively(NodeTestTask.java:126)
	at org.junit.platform.engine.support.hierarchical.NodeTestTask.execute(NodeTestTask.java:84)
	at java.util.ArrayList.forEach(ArrayList.java:1259)
	at org.junit.platform.engine.support.hierarchical.SameThreadHierarchicalTestExecutorService.invokeAll(SameThreadHierarchicalTestExecutorService.java:38)
	at org.junit.platform.engine.support.hierarchical.NodeTestTask.lambda$executeRecursively$5(NodeTestTask.java:143)
	at org.junit.platform.engine.support.hierarchical.ThrowableCollector.execute(ThrowableCollector.java:73)
	at org.junit.platform.engine.support.hierarchical.NodeTestTask.lambda$executeRecursively$7(NodeTestTask.java:129)
	at org.junit.platform.engine.support.hierarchical.Node.around(Node.java:137)
	at org.junit.platform.engine.support.hierarchical.NodeTestTask.lambda$executeRecursively$8(NodeTestTask.java:127)
	at org.junit.platform.engine.support.hierarchical.ThrowableCollector.execute(ThrowableCollector.java:73)
	at org.junit.platform.engine.support.hierarchical.NodeTestTask.executeRecursively(NodeTestTask.java:126)
	at org.junit.platform.engine.support.hierarchical.NodeTestTask.execute(NodeTestTask.java:84)
	at java.util.ArrayList.forEach(ArrayList.java:1259)
	at org.junit.platform.engine.support.hierarchical.SameThreadHierarchicalTestExecutorService.invokeAll(SameThreadHierarchicalTestExecutorService.java:38)
	at org.junit.platform.engine.support.hierarchical.NodeTestTask.lambda$executeRecursively$5(NodeTestTask.java:143)
	at org.junit.platform.engine.support.hierarchical.ThrowableCollector.execute(ThrowableCollector.java:73)
	at org.junit.platform.engine.support.hierarchical.NodeTestTask.lambda$executeRecursively$7(NodeTestTask.java:129)
	at org.junit.platform.engine.support.hierarchical.Node.around(Node.java:137)
	at org.junit.platform.engine.support.hierarchical.NodeTestTask.lambda$executeRecursively$8(NodeTestTask.java:127)
	at org.junit.platform.engine.support.hierarchical.ThrowableCollector.execute(ThrowableCollector.java:73)
	at org.junit.platform.engine.support.hierarchical.NodeTestTask.executeRecursively(NodeTestTask.java:126)
	at org.junit.platform.engine.support.hierarchical.NodeTestTask.execute(NodeTestTask.java:84)
	at org.junit.platform.engine.support.hierarchical.SameThreadHierarchicalTestExecutorService.submit(SameThreadHierarchicalTestExecutorService.java:32)
	at org.junit.platform.engine.support.hierarchical.HierarchicalTestExecutor.execute(HierarchicalTestExecutor.java:57)
	at org.junit.platform.engine.support.hierarchical.HierarchicalTestEngine.execute(HierarchicalTestEngine.java:51)
	at org.junit.platform.launcher.core.DefaultLauncher.execute(DefaultLauncher.java:220)
	at org.junit.platform.launcher.core.DefaultLauncher.lambda$execute$6(DefaultLauncher.java:188)
	at org.junit.platform.launcher.core.DefaultLauncher.withInterceptedStreams(DefaultLauncher.java:202)
	at org.junit.platform.launcher.core.DefaultLauncher.execute(DefaultLauncher.java:181)
	at org.junit.platform.launcher.core.DefaultLauncher.execute(DefaultLauncher.java:128)
	at org.apache.maven.surefire.junitplatform.JUnitPlatformProvider.invokeAllTests(JUnitPlatformProvider.java:150)
	at org.apache.maven.surefire.junitplatform.JUnitPlatformProvider.invoke(JUnitPlatformProvider.java:124)
	at org.apache.maven.surefire.booter.ForkedBooter.invokeProviderInSameClassLoader(ForkedBooter.java:384)
	at org.apache.maven.surefire.booter.ForkedBooter.runSuitesInProcess(ForkedBooter.java:345)
	at org.apache.maven.surefire.booter.ForkedBooter.execute(ForkedBooter.java:126)
	at org.apache.maven.surefire.booter.ForkedBooter.main(ForkedBooter.java:418)

2023-10-04 11:50:48,126 INFO c.n.e.s.TransformerServiceImpl.prepareEsimProfile [main] PrepareEsimProfileRequestDto(requestId=null, sourceSystem=null, iccId=null, smdpName=null, msisdn=null, eid=null, reservationType=null, releaseFlag=true, orderId=null)Validating PrepareEsimProfile Request
2023-10-04 11:50:48,126 INFO c.n.e.s.TransformerServiceImpl.prepareEsimProfile [main] PrepareEsimProfileRequestDto(requestId=null, sourceSystem=null, iccId=null, smdpName=null, msisdn=null, eid=null, reservationType=null, releaseFlag=true, orderId=null)Sending Download Order request
2023-10-04 11:50:48,127 INFO c.n.e.s.TransformerServiceImpl.prepareEsimProfile [main] PrepareEsimProfileRequestDto(requestId=null, sourceSystem=null, iccId=null, smdpName=null, msisdn=null, eid=null, reservationType=null, releaseFlag=true, orderId=null)Download Order Request Failed with URL http://localhost:8082/gsma/rsp2/es2plus/downloadOrder , status 200 , response {"iccid":"8961026023401154361F","header":{"functionExecutionStatus":{"status":"Failed","statusCodeData":{"subjectIdentifier":"","reasonCode":"3.9","message":"header","subjectCode":"8.2.1.1.1"}}}}
2023-10-04 11:50:48,128 INFO c.n.e.s.TransformerServiceImpl.prepareEsimProfile [main] PrepareEsimProfileRequestDto(requestId=null, sourceSystem=null, iccId=null, smdpName=null, msisdn=null, eid=null, reservationType=null, releaseFlag=true, orderId=null)TenantId is :: 5
2023-10-04 11:50:48,128 INFO c.n.e.s.TransformerServiceImpl.prepareEsimProfile [main] PrepareEsimProfileRequestDto(requestId=null, sourceSystem=null, iccId=null, smdpName=null, msisdn=null, eid=null, reservationType=null, releaseFlag=true, orderId=null)Sending AddOrUpdatePrimaryInfo Request to ES
2023-10-04 11:50:48,133 INFO c.n.e.s.TransformerServiceImpl.getEsimProfileStatus [main] GetEsimProfileStatusRequestDto(requestId=null, sourceSystem=null, iccid=null, smdpName=null)Validating GetEsimProfileStatus Request
2023-10-04 11:50:48,134 INFO c.n.e.s.TransformerServiceImpl.getEsimProfileStatus [main] GetEsimProfileStatusRequestDto(requestId=null, sourceSystem=null, iccid=null, smdpName=null)Sending GET request to ES for GetProfileStatusInfoByPrimaryIccid
2023-10-04 11:50:48,163 INFO o.s.s.c.ExecutorConfigurationSupport.shutdown [SpringContextShutdownHook] Shutting down ExecutorService 'applicationTaskExecutor'
2023-10-04 11:50:48,163 INFO o.s.s.c.ExecutorConfigurationSupport.shutdown [SpringContextShutdownHook] Shutting down ExecutorService 'applicationTaskExecutor'
